<?xml version="1.0" encoding="UTF-8" ?>
<testsuite failures="1" time="218.465" errors="0" skipped="0" tests="10" name="gov.nih.nci.FunctionalSmokeTest">
  <properties>
[...]
</properties>
  <testcase time="33.15" classname="gov.nih.nci.FunctionalSmokeTest" name="SamplesSearchByCharacterization"/>
  <testcase time="20.009" classname="gov.nih.nci.FunctionalSmokeTest" name="verifyFeatureSectionContent"/>
  <testcase time="23.895" classname="gov.nih.nci.FunctionalSmokeTest" name="verifyWhatsNewSectionContent_downloadLink"/>
  <testcase time="29.941" classname="gov.nih.nci.FunctionalSmokeTest" name="researcherLoginTest"/>
  <testcase time="25.726" classname="gov.nih.nci.FunctionalSmokeTest" name="verifyPublicationSearchByKeyword"/>
  <testcase time="13.896" classname="gov.nih.nci.FunctionalSmokeTest" name="verifyOptions_LoginToSubmitData"/>
  <testcase time="14.792" classname="gov.nih.nci.FunctionalSmokeTest" name="verifycaNanoLabHowToSectionContent">
    <failure message="Verification of link By.linkText: How do I find nanotechnology protocols? failed" type="java.lang.AssertionError">java.lang.AssertionError: Verification of link By.linkText: How do I find nanotechnology protocols? failed
	at org.junit.Assert.fail(Assert.java:88)
	at gov.nih.nci.HelperMethods.BaseNanoLabMethods.verifyLink(BaseNanoLabMethods.java:67)
	at gov.nih.nci.FunctionalSmokeTest.verifycaNanoLabHowToSectionContent(FunctionalSmokeTest.java:78)
	at sun.reflect.NativeMethodAccessorImpl.invoke0(Native Method)
	at sun.reflect.NativeMethodAccessorImpl.invoke(NativeMethodAccessorImpl.java:39)
	at sun.reflect.DelegatingMethodAccessorImpl.invoke(DelegatingMethodAccessorImpl.java:25)
	at java.lang.reflect.Method.invoke(Method.java:597)
	at org.junit.runners.model.FrameworkMethod$1.runReflectiveCall(FrameworkMethod.java:47)
	at org.junit.internal.runners.model.ReflectiveCallable.run(ReflectiveCallable.java:12)
	at org.junit.runners.model.FrameworkMethod.invokeExplosively(FrameworkMethod.java:44)
	at org.junit.internal.runners.statements.InvokeMethod.evaluate(InvokeMethod.java:17)
	at org.junit.internal.runners.statements.RunAfters.evaluate(RunAfters.java:27)
	at org.junit.runners.ParentRunner.runLeaf(ParentRunner.java:271)
	at org.junit.runners.BlockJUnit4ClassRunner.runChild(BlockJUnit4ClassRunner.java:70)
	at org.junit.runners.BlockJUnit4ClassRunner.runChild(BlockJUnit4ClassRunner.java:50)
	at org.junit.runners.ParentRunner$3.run(ParentRunner.java:238)
	at org.junit.runners.ParentRunner$1.schedule(ParentRunner.java:63)
	at org.junit.runners.ParentRunner.runChildren(ParentRunner.java:236)
	at org.junit.runners.ParentRunner.access$000(ParentRunner.java:53)
	at org.junit.runners.ParentRunner$2.evaluate(ParentRunner.java:229)
	at org.junit.runners.ParentRunner.run(ParentRunner.java:309)
	at org.apache.maven.surefire.junit4.JUnit4TestSet.execute(JUnit4TestSet.java:53)
	at org.apache.maven.surefire.junit4.JUnit4Provider.executeTestSet(JUnit4Provider.java:123)
	at org.apache.maven.surefire.junit4.JUnit4Provider.invoke(JUnit4Provider.java:104)
	at sun.reflect.NativeMethodAccessorImpl.invoke0(Native Method)
	at sun.reflect.NativeMethodAccessorImpl.invoke(NativeMethodAccessorImpl.java:39)
	at sun.reflect.DelegatingMethodAccessorImpl.invoke(DelegatingMethodAccessorImpl.java:25)
	at java.lang.reflect.Method.invoke(Method.java:597)
	at org.apache.maven.surefire.util.ReflectionUtils.invokeMethodWithArray(ReflectionUtils.java:164)
	at org.apache.maven.surefire.booter.ProviderFactory$ProviderProxy.invoke(ProviderFactory.java:110)
	at org.apache.maven.surefire.booter.SurefireStarter.invokeProvider(SurefireStarter.java:175)
	at org.apache.maven.surefire.booter.SurefireStarter.runSuitesInProcessWhenForked(SurefireStarter.java:107)
	at org.apache.maven.surefire.booter.ForkedBooter.main(ForkedBooter.java:68)
</failure>
    <system-out> INFO [main] (FunctionalSmokeTest.java:74) - ---------------Begin Test case: 013_Verify_caNanoLab_How To_section_content--------------
Error link:
</system-out>
  </testcase>
  <testcase time="14.728" classname="gov.nih.nci.FunctionalSmokeTest" name="verifyOptions_BrowsePublicallyAvailabledata"/>
  <testcase time="20.364" classname="gov.nih.nci.FunctionalSmokeTest" name="verifyBrowseCaNanoLabSectionContent"/>
  <testcase time="21.858" classname="gov.nih.nci.FunctionalSmokeTest" name="SamplesSearchByKeyword"/>
</testsuite>