<?xml version="1.0" encoding="UTF-8" ?>
<testsuite failures="0" time="63.087" errors="2" skipped="0" tests="2" name="gov.nih.nci.TestAddPartner">
  <properties>
[...]
</properties>
  <testcase time="62.311" classname="gov.nih.nci.TestAddPartner" name="ICRP_Admin_Tools_Add_Partner">
    <error type="java.lang.NullPointerException">java.lang.NullPointerException
	at gov.nih.nci.HelperMethods.BaseTestMethods.setupAfterSuite(BaseTestMethods.java:145)
	at gov.nih.nci.TestAddPartner.ICRP_Admin_Tools_Add_Partner(TestAddPartner.java:168)
	at sun.reflect.NativeMethodAccessorImpl.invoke0(Native Method)
	at sun.reflect.NativeMethodAccessorImpl.invoke(NativeMethodAccessorImpl.java:57)
	at sun.reflect.DelegatingMethodAccessorImpl.invoke(DelegatingMethodAccessorImpl.java:43)
	at java.lang.reflect.Method.invoke(Method.java:606)
	at org.junit.runners.model.FrameworkMethod$1.runReflectiveCall(FrameworkMethod.java:47)
	at org.junit.internal.runners.model.ReflectiveCallable.run(ReflectiveCallable.java:12)
	at org.junit.runners.model.FrameworkMethod.invokeExplosively(FrameworkMethod.java:44)
	at org.junit.internal.runners.statements.InvokeMethod.evaluate(InvokeMethod.java:17)
	at org.junit.internal.runners.statements.RunAfters.evaluate(RunAfters.java:27)
	at org.junit.runners.ParentRunner.runLeaf(ParentRunner.java:271)
	at org.junit.runners.BlockJUnit4ClassRunner.runChild(BlockJUnit4ClassRunner.java:70)
	at org.junit.runners.BlockJUnit4ClassRunner.runChild(BlockJUnit4ClassRunner.java:50)
	at org.junit.runners.ParentRunner$3.run(ParentRunner.java:238)
	at org.junit.runners.ParentRunner$1.schedule(ParentRunner.java:63)
	at org.junit.runners.ParentRunner.runChildren(ParentRunner.java:236)
	at org.junit.runners.ParentRunner.access$000(ParentRunner.java:53)
	at org.junit.runners.ParentRunner$2.evaluate(ParentRunner.java:229)
	at org.junit.runners.ParentRunner.run(ParentRunner.java:309)
	at org.apache.maven.surefire.junit4.JUnit4TestSet.execute(JUnit4TestSet.java:53)
	at org.apache.maven.surefire.junit4.JUnit4Provider.executeTestSet(JUnit4Provider.java:123)
	at org.apache.maven.surefire.junit4.JUnit4Provider.invoke(JUnit4Provider.java:104)
	at sun.reflect.NativeMethodAccessorImpl.invoke0(Native Method)
	at sun.reflect.NativeMethodAccessorImpl.invoke(NativeMethodAccessorImpl.java:57)
	at sun.reflect.DelegatingMethodAccessorImpl.invoke(DelegatingMethodAccessorImpl.java:43)
	at java.lang.reflect.Method.invoke(Method.java:606)
	at org.apache.maven.surefire.util.ReflectionUtils.invokeMethodWithArray(ReflectionUtils.java:164)
	at org.apache.maven.surefire.booter.ProviderFactory$ProviderProxy.invoke(ProviderFactory.java:110)
	at org.apache.maven.surefire.booter.SurefireStarter.invokeProvider(SurefireStarter.java:175)
	at org.apache.maven.surefire.booter.SurefireStarter.runSuitesInProcessWhenForked(SurefireStarter.java:107)
	at org.apache.maven.surefire.booter.ForkedBooter.main(ForkedBooter.java:68)
</error>
    <system-out> INFO [main] (TestAddPartner.java:85) - ---------------Begin Test case: ICRP_Admin_Tools_Add_Partner--------------
ERROR [main] (TestAddPartner.java:166) - Test ICRP_Admin_Tools_Add_Partner failed. Error: -Failed to connect to binary FirefoxBinary(C:\Program Files (x86)\Mozilla Firefox\firefox.exe) on port 7055; process output follows: 
org.xpi&quot;,&quot;e&quot;:true,&quot;v&quot;:&quot;1.3.2&quot;,&quot;st&quot;:1466734942000},&quot;websensehelper@mozilla.org&quot;:{&quot;d&quot;:&quot;C:\\Program Files (x86)\\Mozilla Firefox\\browser\\features\\websensehelper@mozilla.org.xpi&quot;,&quot;e&quot;:true,&quot;v&quot;:&quot;1.0&quot;,&quot;st&quot;:1501263294187}},&quot;app-global&quot;:{&quot;{972ce4c6-7e08-4474-a285-3208198ce6fd}&quot;:{&quot;d&quot;:&quot;C:\\Program Files (x86)\\Mozilla Firefox\\browser\\extensions\\{972ce4c6-7e08-4474-a285-3208198ce6fd}.xpi&quot;,&quot;e&quot;:true,&quot;v&quot;:&quot;47.0.2&quot;,&quot;st&quot;:1501263294156}}}
1501877573552	addons.xpi	DEBUG	No changes found
1501877573561	addons.xpi	DEBUG	Registering manifest for C:\Program Files (x86)\Mozilla Firefox\browser\features\e10srollout@mozilla.org.xpi
1501877573562	addons.xpi	DEBUG	Loading bootstrap scope from C:\Program Files (x86)\Mozilla Firefox\browser\features\e10srollout@mozilla.org.xpi
1501877573579	addons.xpi	DEBUG	Calling bootstrap method startup on e10srollout@mozilla.org version 1.0
1501877573579	addons.xpi	DEBUG	Registering manifest for C:\Program Files (x86)\Mozilla Firefox\browser\features\firefox@getpocket.com.xpi
1501877573581	addons.xpi	DEBUG	Loading bootstrap scope from C:\Program Files (x86)\Mozilla Firefox\browser\features\firefox@getpocket.com.xpi
1501877573586	addons.xpi	DEBUG	Calling bootstrap method startup on firefox@getpocket.com version 1.0.2
1501877573597	addons.xpi-utils	DEBUG	Starting async load of XPI database C:\Users\trantt\AppData\Local\Temp\2\anonymous7377628477558837033webdriver-profile\extensions.json
1501877573599	addons.xpi	DEBUG	Registering manifest for C:\Program Files (x86)\Mozilla Firefox\browser\features\loop@mozilla.org.xpi
1501877573600	addons.xpi	DEBUG	Loading bootstrap scope from C:\Program Files (x86)\Mozilla Firefox\browser\features\loop@mozilla.org.xpi
1501877573608	addons.xpi	DEBUG	Calling bootstrap method startup on loop@mozilla.org version 1.3.2
1501877573637	addons.xpi	DEBUG	Registering manifest for C:\Program Files (x86)\Mozilla Firefox\browser\features\websensehelper@mozilla.org.xpi
1501877573638	addons.xpi	DEBUG	Loading bootstrap scope from C:\Program Files (x86)\Mozilla Firefox\browser\features\websensehelper@mozilla.org.xpi
1501877573641	addons.xpi	DEBUG	Calling bootstrap method startup on websensehelper@mozilla.org version 1.0
1501877573646	addons.manager	DEBUG	Registering shutdown blocker for XPIProvider
1501877573646	addons.manager	DEBUG	Provider finished startup: XPIProvider
1501877573646	addons.manager	DEBUG	Starting provider: LightweightThemeManager
1501877573647	addons.manager	DEBUG	Registering shutdown blocker for LightweightThemeManager
1501877573647	addons.manager	DEBUG	Provider finished startup: LightweightThemeManager
1501877573648	addons.manager	DEBUG	Starting provider: GMPProvider
1501877573658	addons.manager	DEBUG	Registering shutdown blocker for GMPProvider
1501877573659	addons.manager	DEBUG	Provider finished startup: GMPProvider
1501877573659	addons.manager	DEBUG	Starting provider: PluginProvider
1501877573659	addons.manager	DEBUG	Registering shutdown blocker for PluginProvider
1501877573659	addons.manager	DEBUG	Provider finished startup: PluginProvider
1501877573660	addons.manager	DEBUG	Completed startup sequence
1501877574116	addons.xpi-utils	DEBUG	Async JSON file read took 0 MS
1501877574116	addons.xpi-utils	DEBUG	Finished async read of XPI database, parsing...
1501877574119	addons.xpi-utils	DEBUG	Successfully read XPI database
1501877574138	addons.manager	DEBUG	Starting provider: &lt;unnamed-provider&gt;
1501877574138	addons.manager	DEBUG	Registering shutdown blocker for &lt;unnamed-provider&gt;
1501877574138	addons.manager	DEBUG	Provider finished startup: &lt;unnamed-provider&gt;
*** Blocklist::_loadBlocklistFromFile: blocklist is disabled
1501877574383	addons.manager	DEBUG	Starting provider: PreviousExperimentProvider
1501877574383	addons.manager	DEBUG	Registering shutdown blocker for PreviousExperimentProvider
1501877574384	addons.manager	DEBUG	Provider finished startup: PreviousExperimentProvider
JavaScript error: https://normandy-cloudfront.cdn.mozilla.net/static/bundles/selfrepair.afb53ff18f093e84a458.js, line 6: SyntaxError: missing = in const declaration

Build info: version: &apos;2.43.1&apos;, revision: &apos;5163bceef1bc36d43f3dc0b83c88998168a363a0&apos;, time: &apos;2014-09-10 09:43:55&apos;
System info: host: &apos;ncias-q1615-v&apos;, ip: &apos;10.133.224.105&apos;, os.name: &apos;Windows Server 2008 R2&apos;, os.arch: &apos;amd64&apos;, os.version: &apos;6.1&apos;, java.version: &apos;1.7.0_67&apos;
Driver info: driver.version: FirefoxDriver
 INFO [main] (TestAddPartner.java:167) - ---------------End of Test ICRP_Admin_Tools_Add_Partner--------------------------------------
</system-out>
    <system-err>org.openqa.selenium.firefox.NotConnectedException: Unable to connect to host 127.0.0.1 on port 7055 after 45000 ms. Firefox console output:
org.xpi&quot;,&quot;e&quot;:true,&quot;v&quot;:&quot;1.3.2&quot;,&quot;st&quot;:1466734942000},&quot;websensehelper@mozilla.org&quot;:{&quot;d&quot;:&quot;C:\\Program Files (x86)\\Mozilla Firefox\\browser\\features\\websensehelper@mozilla.org.xpi&quot;,&quot;e&quot;:true,&quot;v&quot;:&quot;1.0&quot;,&quot;st&quot;:1501263294187}},&quot;app-global&quot;:{&quot;{972ce4c6-7e08-4474-a285-3208198ce6fd}&quot;:{&quot;d&quot;:&quot;C:\\Program Files (x86)\\Mozilla Firefox\\browser\\extensions\\{972ce4c6-7e08-4474-a285-3208198ce6fd}.xpi&quot;,&quot;e&quot;:true,&quot;v&quot;:&quot;47.0.2&quot;,&quot;st&quot;:1501263294156}}}
1501877573552	addons.xpi	DEBUG	No changes found
1501877573561	addons.xpi	DEBUG	Registering manifest for C:\Program Files (x86)\Mozilla Firefox\browser\features\e10srollout@mozilla.org.xpi
1501877573562	addons.xpi	DEBUG	Loading bootstrap scope from C:\Program Files (x86)\Mozilla Firefox\browser\features\e10srollout@mozilla.org.xpi
1501877573579	addons.xpi	DEBUG	Calling bootstrap method startup on e10srollout@mozilla.org version 1.0
1501877573579	addons.xpi	DEBUG	Registering manifest for C:\Program Files (x86)\Mozilla Firefox\browser\features\firefox@getpocket.com.xpi
1501877573581	addons.xpi	DEBUG	Loading bootstrap scope from C:\Program Files (x86)\Mozilla Firefox\browser\features\firefox@getpocket.com.xpi
1501877573586	addons.xpi	DEBUG	Calling bootstrap method startup on firefox@getpocket.com version 1.0.2
1501877573597	addons.xpi-utils	DEBUG	Starting async load of XPI database C:\Users\trantt\AppData\Local\Temp\2\anonymous7377628477558837033webdriver-profile\extensions.json
1501877573599	addons.xpi	DEBUG	Registering manifest for C:\Program Files (x86)\Mozilla Firefox\browser\features\loop@mozilla.org.xpi
1501877573600	addons.xpi	DEBUG	Loading bootstrap scope from C:\Program Files (x86)\Mozilla Firefox\browser\features\loop@mozilla.org.xpi
1501877573608	addons.xpi	DEBUG	Calling bootstrap method startup on loop@mozilla.org version 1.3.2
1501877573637	addons.xpi	DEBUG	Registering manifest for C:\Program Files (x86)\Mozilla Firefox\browser\features\websensehelper@mozilla.org.xpi
1501877573638	addons.xpi	DEBUG	Loading bootstrap scope from C:\Program Files (x86)\Mozilla Firefox\browser\features\websensehelper@mozilla.org.xpi
1501877573641	addons.xpi	DEBUG	Calling bootstrap method startup on websensehelper@mozilla.org version 1.0
1501877573646	addons.manager	DEBUG	Registering shutdown blocker for XPIProvider
1501877573646	addons.manager	DEBUG	Provider finished startup: XPIProvider
1501877573646	addons.manager	DEBUG	Starting provider: LightweightThemeManager
1501877573647	addons.manager	DEBUG	Registering shutdown blocker for LightweightThemeManager
1501877573647	addons.manager	DEBUG	Provider finished startup: LightweightThemeManager
1501877573648	addons.manager	DEBUG	Starting provider: GMPProvider
1501877573658	addons.manager	DEBUG	Registering shutdown blocker for GMPProvider
1501877573659	addons.manager	DEBUG	Provider finished startup: GMPProvider
1501877573659	addons.manager	DEBUG	Starting provider: PluginProvider
1501877573659	addons.manager	DEBUG	Registering shutdown blocker for PluginProvider
1501877573659	addons.manager	DEBUG	Provider finished startup: PluginProvider
1501877573660	addons.manager	DEBUG	Completed startup sequence
1501877574116	addons.xpi-utils	DEBUG	Async JSON file read took 0 MS
1501877574116	addons.xpi-utils	DEBUG	Finished async read of XPI database, parsing...
1501877574119	addons.xpi-utils	DEBUG	Successfully read XPI database
1501877574138	addons.manager	DEBUG	Starting provider: &lt;unnamed-provider&gt;
1501877574138	addons.manager	DEBUG	Registering shutdown blocker for &lt;unnamed-provider&gt;
1501877574138	addons.manager	DEBUG	Provider finished startup: &lt;unnamed-provider&gt;
*** Blocklist::_loadBlocklistFromFile: blocklist is disabled
1501877574383	addons.manager	DEBUG	Starting provider: PreviousExperimentProvider
1501877574383	addons.manager	DEBUG	Registering shutdown blocker for PreviousExperimentProvider
1501877574384	addons.manager	DEBUG	Provider finished startup: PreviousExperimentProvider
JavaScript error: https://normandy-cloudfront.cdn.mozilla.net/static/bundles/selfrepair.afb53ff18f093e84a458.js, line 6: SyntaxError: missing = in const declaration

	at org.openqa.selenium.firefox.internal.NewProfileExtensionConnection.start(NewProfileExtensionConnection.java:118)
	at org.openqa.selenium.firefox.FirefoxDriver.startClient(FirefoxDriver.java:246)
	at org.openqa.selenium.remote.RemoteWebDriver.&lt;init&gt;(RemoteWebDriver.java:114)
	at org.openqa.selenium.firefox.FirefoxDriver.&lt;init&gt;(FirefoxDriver.java:191)
	at org.openqa.selenium.firefox.FirefoxDriver.&lt;init&gt;(FirefoxDriver.java:186)
	at org.openqa.selenium.firefox.FirefoxDriver.&lt;init&gt;(FirefoxDriver.java:182)
	at org.openqa.selenium.firefox.FirefoxDriver.&lt;init&gt;(FirefoxDriver.java:95)
	at gov.nih.nci.HelperMethods.BaseTestMethods.setupBeforeSuite(BaseTestMethods.java:89)
	at gov.nih.nci.TestAddPartner.ICRP_Admin_Tools_Add_Partner(TestAddPartner.java:86)
	at sun.reflect.NativeMethodAccessorImpl.invoke0(Native Method)
	at sun.reflect.NativeMethodAccessorImpl.invoke(NativeMethodAccessorImpl.java:57)
	at sun.reflect.DelegatingMethodAccessorImpl.invoke(DelegatingMethodAccessorImpl.java:43)
	at java.lang.reflect.Method.invoke(Method.java:606)
	at org.junit.runners.model.FrameworkMethod$1.runReflectiveCall(FrameworkMethod.java:47)
	at org.junit.internal.runners.model.ReflectiveCallable.run(ReflectiveCallable.java:12)
	at org.junit.runners.model.FrameworkMethod.invokeExplosively(FrameworkMethod.java:44)
	at org.junit.internal.runners.statements.InvokeMethod.evaluate(InvokeMethod.java:17)
	at org.junit.internal.runners.statements.RunAfters.evaluate(RunAfters.java:27)
	at org.junit.runners.ParentRunner.runLeaf(ParentRunner.java:271)
	at org.junit.runners.BlockJUnit4ClassRunner.runChild(BlockJUnit4ClassRunner.java:70)
	at org.junit.runners.BlockJUnit4ClassRunner.runChild(BlockJUnit4ClassRunner.java:50)
	at org.junit.runners.ParentRunner$3.run(ParentRunner.java:238)
	at org.junit.runners.ParentRunner$1.schedule(ParentRunner.java:63)
	at org.junit.runners.ParentRunner.runChildren(ParentRunner.java:236)
	at org.junit.runners.ParentRunner.access$000(ParentRunner.java:53)
	at org.junit.runners.ParentRunner$2.evaluate(ParentRunner.java:229)
	at org.junit.runners.ParentRunner.run(ParentRunner.java:309)
	at org.apache.maven.surefire.junit4.JUnit4TestSet.execute(JUnit4TestSet.java:53)
	at org.apache.maven.surefire.junit4.JUnit4Provider.executeTestSet(JUnit4Provider.java:123)
	at org.apache.maven.surefire.junit4.JUnit4Provider.invoke(JUnit4Provider.java:104)
	at sun.reflect.NativeMethodAccessorImpl.invoke0(Native Method)
	at sun.reflect.NativeMethodAccessorImpl.invoke(NativeMethodAccessorImpl.java:57)
	at sun.reflect.DelegatingMethodAccessorImpl.invoke(DelegatingMethodAccessorImpl.java:43)
	at java.lang.reflect.Method.invoke(Method.java:606)
	at org.apache.maven.surefire.util.ReflectionUtils.invokeMethodWithArray(ReflectionUtils.java:164)
	at org.apache.maven.surefire.booter.ProviderFactory$ProviderProxy.invoke(ProviderFactory.java:110)
	at org.apache.maven.surefire.booter.SurefireStarter.invokeProvider(SurefireStarter.java:175)
	at org.apache.maven.surefire.booter.SurefireStarter.runSuitesInProcessWhenForked(SurefireStarter.java:107)
	at org.apache.maven.surefire.booter.ForkedBooter.main(ForkedBooter.java:68)
</system-err>
  </testcase>
  <testcase time="62.324" classname="gov.nih.nci.TestAddPartner" name="ICRP_Admin_Tools_Add_Partner">
    <error type="java.lang.NullPointerException">java.lang.NullPointerException
	at gov.nih.nci.HelperMethods.BaseTestMethods.shutdown(BaseTestMethods.java:168)
	at gov.nih.nci.TestAddPartner.tearDown(TestAddPartner.java:175)
	at sun.reflect.NativeMethodAccessorImpl.invoke0(Native Method)
	at sun.reflect.NativeMethodAccessorImpl.invoke(NativeMethodAccessorImpl.java:57)
	at sun.reflect.DelegatingMethodAccessorImpl.invoke(DelegatingMethodAccessorImpl.java:43)
	at java.lang.reflect.Method.invoke(Method.java:606)
	at org.junit.runners.model.FrameworkMethod$1.runReflectiveCall(FrameworkMethod.java:47)
	at org.junit.internal.runners.model.ReflectiveCallable.run(ReflectiveCallable.java:12)
	at org.junit.runners.model.FrameworkMethod.invokeExplosively(FrameworkMethod.java:44)
	at org.junit.internal.runners.statements.RunAfters.evaluate(RunAfters.java:33)
	at org.junit.runners.ParentRunner.runLeaf(ParentRunner.java:271)
	at org.junit.runners.BlockJUnit4ClassRunner.runChild(BlockJUnit4ClassRunner.java:70)
	at org.junit.runners.BlockJUnit4ClassRunner.runChild(BlockJUnit4ClassRunner.java:50)
	at org.junit.runners.ParentRunner$3.run(ParentRunner.java:238)
	at org.junit.runners.ParentRunner$1.schedule(ParentRunner.java:63)
	at org.junit.runners.ParentRunner.runChildren(ParentRunner.java:236)
	at org.junit.runners.ParentRunner.access$000(ParentRunner.java:53)
	at org.junit.runners.ParentRunner$2.evaluate(ParentRunner.java:229)
	at org.junit.runners.ParentRunner.run(ParentRunner.java:309)
	at org.apache.maven.surefire.junit4.JUnit4TestSet.execute(JUnit4TestSet.java:53)
	at org.apache.maven.surefire.junit4.JUnit4Provider.executeTestSet(JUnit4Provider.java:123)
	at org.apache.maven.surefire.junit4.JUnit4Provider.invoke(JUnit4Provider.java:104)
	at sun.reflect.NativeMethodAccessorImpl.invoke0(Native Method)
	at sun.reflect.NativeMethodAccessorImpl.invoke(NativeMethodAccessorImpl.java:57)
	at sun.reflect.DelegatingMethodAccessorImpl.invoke(DelegatingMethodAccessorImpl.java:43)
	at java.lang.reflect.Method.invoke(Method.java:606)
	at org.apache.maven.surefire.util.ReflectionUtils.invokeMethodWithArray(ReflectionUtils.java:164)
	at org.apache.maven.surefire.booter.ProviderFactory$ProviderProxy.invoke(ProviderFactory.java:110)
	at org.apache.maven.surefire.booter.SurefireStarter.invokeProvider(SurefireStarter.java:175)
	at org.apache.maven.surefire.booter.SurefireStarter.runSuitesInProcessWhenForked(SurefireStarter.java:107)
	at org.apache.maven.surefire.booter.ForkedBooter.main(ForkedBooter.java:68)
</error>
  </testcase>
</testsuite>