<?xml version="1.0" encoding="UTF-8" ?>
<testsuite failures="40" time="13,532.594" errors="0" skipped="0" tests="143" name="gov.nih.nci.TestSuite">
  <properties>
[...]
</properties>
  <testcase time="73.856" classname="gov.nih.nci.TestSuite" name="verifyResearcherUserCanViewSamplesFromMyWorkspacePage"/>
  <testcase time="156.743" classname="gov.nih.nci.TestSuite" name="ensureUsercanViewSamplesProtocolsAndPublicationsAndUseBackButtonFromViewPage">
    <failure message="Samples View verification failed" type="java.lang.AssertionError">java.lang.AssertionError: Samples View verification failed
	at org.junit.Assert.fail(Assert.java:88)
	at gov.nih.nci.HelperMethods.BaseNanoLabMethods.Ensure_User_can_view_samples_protocols_and_publications_and_use_back_button_from_view_page(BaseNanoLabMethods.java:4059)
	at gov.nih.nci.TestSuite.ensureUsercanViewSamplesProtocolsAndPublicationsAndUseBackButtonFromViewPage(TestSuite.java:3156)
	at sun.reflect.NativeMethodAccessorImpl.invoke0(Native Method)
	at sun.reflect.NativeMethodAccessorImpl.invoke(NativeMethodAccessorImpl.java:39)
	at sun.reflect.DelegatingMethodAccessorImpl.invoke(DelegatingMethodAccessorImpl.java:25)
	at java.lang.reflect.Method.invoke(Method.java:597)
	at org.junit.runners.model.FrameworkMethod$1.runReflectiveCall(FrameworkMethod.java:47)
	at org.junit.internal.runners.model.ReflectiveCallable.run(ReflectiveCallable.java:12)
	at org.junit.runners.model.FrameworkMethod.invokeExplosively(FrameworkMethod.java:44)
	at org.junit.internal.runners.statements.InvokeMethod.evaluate(InvokeMethod.java:17)
	at org.junit.internal.runners.statements.RunAfters.evaluate(RunAfters.java:27)
	at org.junit.runners.ParentRunner.runLeaf(ParentRunner.java:271)
	at org.junit.runners.BlockJUnit4ClassRunner.runChild(BlockJUnit4ClassRunner.java:70)
	at org.junit.runners.BlockJUnit4ClassRunner.runChild(BlockJUnit4ClassRunner.java:50)
	at org.junit.runners.ParentRunner$3.run(ParentRunner.java:238)
	at org.junit.runners.ParentRunner$1.schedule(ParentRunner.java:63)
	at org.junit.runners.ParentRunner.runChildren(ParentRunner.java:236)
	at org.junit.runners.ParentRunner.access$000(ParentRunner.java:53)
	at org.junit.runners.ParentRunner$2.evaluate(ParentRunner.java:229)
	at org.junit.runners.ParentRunner.run(ParentRunner.java:309)
	at org.apache.maven.surefire.junit4.JUnit4TestSet.execute(JUnit4TestSet.java:53)
	at org.apache.maven.surefire.junit4.JUnit4Provider.executeTestSet(JUnit4Provider.java:123)
	at org.apache.maven.surefire.junit4.JUnit4Provider.invoke(JUnit4Provider.java:104)
	at sun.reflect.NativeMethodAccessorImpl.invoke0(Native Method)
	at sun.reflect.NativeMethodAccessorImpl.invoke(NativeMethodAccessorImpl.java:39)
	at sun.reflect.DelegatingMethodAccessorImpl.invoke(DelegatingMethodAccessorImpl.java:25)
	at java.lang.reflect.Method.invoke(Method.java:597)
	at org.apache.maven.surefire.util.ReflectionUtils.invokeMethodWithArray(ReflectionUtils.java:164)
	at org.apache.maven.surefire.booter.ProviderFactory$ProviderProxy.invoke(ProviderFactory.java:110)
	at org.apache.maven.surefire.booter.SurefireStarter.invokeProvider(SurefireStarter.java:175)
	at org.apache.maven.surefire.booter.SurefireStarter.runSuitesInProcessWhenForked(SurefireStarter.java:107)
	at org.apache.maven.surefire.booter.ForkedBooter.main(ForkedBooter.java:68)
</failure>
    <system-out> INFO [main] (TestSuite.java:3148) - ---------------Begin Test case: 018_Ensure_User_can_view_samples_protocols_and_publications_and_use_back_button_from_view_page--------------
 INFO [main] (BaseTestMethods.java:242) - INFO: By.selector: .subMenuPrimaryTitle is displayed
 INFO [main] (BaseTestMethods.java:228) - INFO: By.selector: .subMenuPrimaryTitle is enabled
 INFO [main] (BaseTestMethods.java:242) - INFO: By.linkText: HOME is displayed
 INFO [main] (BaseTestMethods.java:228) - INFO: By.linkText: HOME is enabled
 INFO [main] (BaseTestMethods.java:242) - INFO: By.linkText: PROTOCOLS is displayed
 INFO [main] (BaseTestMethods.java:228) - INFO: By.linkText: PROTOCOLS is enabled
 INFO [main] (BaseTestMethods.java:242) - INFO: By.linkText: SAMPLES is displayed
 INFO [main] (BaseTestMethods.java:228) - INFO: By.linkText: SAMPLES is enabled
 INFO [main] (BaseTestMethods.java:242) - INFO: By.linkText: PUBLICATIONS is displayed
 INFO [main] (BaseTestMethods.java:228) - INFO: By.linkText: PUBLICATIONS is enabled
 INFO [main] (BaseTestMethods.java:242) - INFO: By.linkText: MY WORKSPACE is displayed
 INFO [main] (BaseTestMethods.java:228) - INFO: By.linkText: MY WORKSPACE is enabled
 INFO [main] (BaseTestMethods.java:242) - INFO: By.linkText: HELP is displayed
 INFO [main] (BaseTestMethods.java:228) - INFO: By.linkText: HELP is enabled
 INFO [main] (BaseTestMethods.java:242) - INFO: By.linkText: GLOSSARY is displayed
 INFO [main] (BaseTestMethods.java:228) - INFO: By.linkText: GLOSSARY is enabled
 INFO [main] (BaseTestMethods.java:242) - INFO: By.linkText: MY WORKSPACE is displayed
 INFO [main] (BaseTestMethods.java:228) - INFO: By.linkText: MY WORKSPACE is enabled
 INFO [main] (BaseNanoLabMethods.java:1261) - URL verification successful for url - https://cananolab-qa.nci.nih.gov/caNanoLab/#/home
 INFO [main] (BaseNanoLabMethods.java:1110) - Page verification successful. Text My Workspace found.
ERROR [main] (BaseNanoLabMethods.java:4054) - Samples View failed
</system-out>
  </testcase>
  <testcase time="34.11" classname="gov.nih.nci.TestSuite" name="verifyPublicationSearchByResearchCategory"/>
  <testcase time="310.094" classname="gov.nih.nci.TestSuite" name="VerifyCuratorUserCanEditMyProtocolsFromMyWorkspacePage">
    <failure message="Protocols Edit verification failed" type="java.lang.AssertionError">java.lang.AssertionError: Protocols Edit verification failed
	at org.junit.Assert.fail(Assert.java:88)
	at gov.nih.nci.HelperMethods.BaseNanoLabMethods.Verify_Curator_User_can_Edit_My_Protocols_from_My_Workspace_page(BaseNanoLabMethods.java:3713)
	at gov.nih.nci.TestSuite.VerifyCuratorUserCanEditMyProtocolsFromMyWorkspacePage(TestSuite.java:2988)
	at sun.reflect.NativeMethodAccessorImpl.invoke0(Native Method)
	at sun.reflect.NativeMethodAccessorImpl.invoke(NativeMethodAccessorImpl.java:39)
	at sun.reflect.DelegatingMethodAccessorImpl.invoke(DelegatingMethodAccessorImpl.java:25)
	at java.lang.reflect.Method.invoke(Method.java:597)
	at org.junit.runners.model.FrameworkMethod$1.runReflectiveCall(FrameworkMethod.java:47)
	at org.junit.internal.runners.model.ReflectiveCallable.run(ReflectiveCallable.java:12)
	at org.junit.runners.model.FrameworkMethod.invokeExplosively(FrameworkMethod.java:44)
	at org.junit.internal.runners.statements.InvokeMethod.evaluate(InvokeMethod.java:17)
	at org.junit.internal.runners.statements.RunAfters.evaluate(RunAfters.java:27)
	at org.junit.runners.ParentRunner.runLeaf(ParentRunner.java:271)
	at org.junit.runners.BlockJUnit4ClassRunner.runChild(BlockJUnit4ClassRunner.java:70)
	at org.junit.runners.BlockJUnit4ClassRunner.runChild(BlockJUnit4ClassRunner.java:50)
	at org.junit.runners.ParentRunner$3.run(ParentRunner.java:238)
	at org.junit.runners.ParentRunner$1.schedule(ParentRunner.java:63)
	at org.junit.runners.ParentRunner.runChildren(ParentRunner.java:236)
	at org.junit.runners.ParentRunner.access$000(ParentRunner.java:53)
	at org.junit.runners.ParentRunner$2.evaluate(ParentRunner.java:229)
	at org.junit.runners.ParentRunner.run(ParentRunner.java:309)
	at org.apache.maven.surefire.junit4.JUnit4TestSet.execute(JUnit4TestSet.java:53)
	at org.apache.maven.surefire.junit4.JUnit4Provider.executeTestSet(JUnit4Provider.java:123)
	at org.apache.maven.surefire.junit4.JUnit4Provider.invoke(JUnit4Provider.java:104)
	at sun.reflect.NativeMethodAccessorImpl.invoke0(Native Method)
	at sun.reflect.NativeMethodAccessorImpl.invoke(NativeMethodAccessorImpl.java:39)
	at sun.reflect.DelegatingMethodAccessorImpl.invoke(DelegatingMethodAccessorImpl.java:25)
	at java.lang.reflect.Method.invoke(Method.java:597)
	at org.apache.maven.surefire.util.ReflectionUtils.invokeMethodWithArray(ReflectionUtils.java:164)
	at org.apache.maven.surefire.booter.ProviderFactory$ProviderProxy.invoke(ProviderFactory.java:110)
	at org.apache.maven.surefire.booter.SurefireStarter.invokeProvider(SurefireStarter.java:175)
	at org.apache.maven.surefire.booter.SurefireStarter.runSuitesInProcessWhenForked(SurefireStarter.java:107)
	at org.apache.maven.surefire.booter.ForkedBooter.main(ForkedBooter.java:68)
</failure>
    <system-out> INFO [main] (TestSuite.java:2980) - ---------------Begin Test case: 012_Verify_Curator_User_can_Edit_My_Protocols_from_My_Workspace_page--------------
 INFO [main] (BaseTestMethods.java:242) - INFO: By.selector: .subMenuPrimaryTitle is displayed
 INFO [main] (BaseTestMethods.java:228) - INFO: By.selector: .subMenuPrimaryTitle is enabled
 INFO [main] (BaseTestMethods.java:242) - INFO: By.linkText: HOME is displayed
 INFO [main] (BaseTestMethods.java:228) - INFO: By.linkText: HOME is enabled
 INFO [main] (BaseTestMethods.java:242) - INFO: By.linkText: PROTOCOLS is displayed
 INFO [main] (BaseTestMethods.java:228) - INFO: By.linkText: PROTOCOLS is enabled
 INFO [main] (BaseTestMethods.java:242) - INFO: By.linkText: SAMPLES is displayed
 INFO [main] (BaseTestMethods.java:228) - INFO: By.linkText: SAMPLES is enabled
 INFO [main] (BaseTestMethods.java:242) - INFO: By.linkText: PUBLICATIONS is displayed
 INFO [main] (BaseTestMethods.java:228) - INFO: By.linkText: PUBLICATIONS is enabled
 INFO [main] (BaseTestMethods.java:242) - INFO: By.linkText: MY WORKSPACE is displayed
 INFO [main] (BaseTestMethods.java:228) - INFO: By.linkText: MY WORKSPACE is enabled
 INFO [main] (BaseTestMethods.java:242) - INFO: By.linkText: HELP is displayed
 INFO [main] (BaseTestMethods.java:228) - INFO: By.linkText: HELP is enabled
 INFO [main] (BaseTestMethods.java:242) - INFO: By.linkText: GLOSSARY is displayed
 INFO [main] (BaseTestMethods.java:228) - INFO: By.linkText: GLOSSARY is enabled
 INFO [main] (BaseTestMethods.java:242) - INFO: By.linkText: MY WORKSPACE is displayed
 INFO [main] (BaseTestMethods.java:228) - INFO: By.linkText: MY WORKSPACE is enabled
 INFO [main] (BaseNanoLabMethods.java:1261) - URL verification successful for url - https://cananolab-qa.nci.nih.gov/caNanoLab/#/home
 INFO [main] (BaseNanoLabMethods.java:1110) - Page verification successful. Text My Workspace found.
ERROR [main] (BaseTestMethods.java:344) - ERROR: Unable to locate element: {&quot;method&quot;:&quot;xpath&quot;,&quot;selector&quot;:&quot;(//a[contains(text(),&apos;Edit&apos;)])[3]&quot;}
Command duration or timeout: 30.04 seconds
For documentation on this error, please visit: http://seleniumhq.org/exceptions/no_such_element.html
Build info: version: &apos;2.38.0&apos;, revision: &apos;bd32d4e7247a32d801b3d2d4f84a4e7384300378&apos;, time: &apos;2013-12-05 09:01:37&apos;
System info: host: &apos;NCI-S077260-L&apos;, ip: &apos;10.170.193.47&apos;, os.name: &apos;Windows 7&apos;, os.arch: &apos;amd64&apos;, os.version: &apos;6.1&apos;, java.version: &apos;1.6.0_43&apos;
Session ID: 9d75c4ea-da6d-40fb-98ba-c9c90aad4cc8
Driver info: org.openqa.selenium.firefox.FirefoxDriver
Capabilities [{platform=XP, acceptSslCerts=true, javascriptEnabled=true, browserName=firefox, rotatable=false, locationContextEnabled=true, version=31.0, cssSelectorsEnabled=true, databaseEnabled=true, handlesAlerts=true, nativeEvents=false, webStorageEnabled=true, applicationCacheEnabled=true, takesScreenshot=true}]
ERROR [main] (BaseNanoLabMethods.java:3708) - Protocols Edit failed
</system-out>
  </testcase>
  <testcase time="164.27" classname="gov.nih.nci.TestSuite" name="verifyPublicationSearchByKeywordAsaResearcher"/>
  <testcase time="19.621" classname="gov.nih.nci.TestSuite" name="verifyThatPublicallyAvailableSampleDetailsSummaryCanBeViewed"/>
  <testcase time="114.705" classname="gov.nih.nci.TestSuite" name="verifyPublicationSearchByFunction_1"/>
  <testcase time="47.752" classname="gov.nih.nci.TestSuite" name="verifyPublicationSearchByFunction_2"/>
  <testcase time="70.492" classname="gov.nih.nci.TestSuite" name="verifyPublicationSearchByFunction_3"/>
  <testcase time="31.792" classname="gov.nih.nci.TestSuite" name="verifyPublicationSearchByFunction_4"/>
  <testcase time="27.814" classname="gov.nih.nci.TestSuite" name="verifyPublicationSearchByFunction_5"/>
  <testcase time="80.219" classname="gov.nih.nci.TestSuite" name="verifyPublicationSearchByFunction_6"/>
  <testcase time="21.702" classname="gov.nih.nci.TestSuite" name="SamplesSearchByCharacterization"/>
  <testcase time="25.973" classname="gov.nih.nci.TestSuite" name="verifyContextSensitiveHelpPage"/>
  <testcase time="153.372" classname="gov.nih.nci.TestSuite" name="verifyUserCanUncheckPublicationsFromMyWorkspacePage"/>
  <testcase time="66.451" classname="gov.nih.nci.TestSuite" name="VerifyTheAbilityToSubmitANewProtocolsAsACurator"/>
  <testcase time="158.033" classname="gov.nih.nci.TestSuite" name="verifySampleSearchByPublicationPubMedIDasaResearcher"/>
  <testcase time="13.849" classname="gov.nih.nci.TestSuite" name="verifyFeatureSectionContent"/>
  <testcase time="16.851" classname="gov.nih.nci.TestSuite" name="SamplesSearchBySampleNameAndPOC"/>
  <testcase time="147.423" classname="gov.nih.nci.TestSuite" name="verifyUserCanUncheckSamplesFromMyWorkspace"/>
  <testcase time="481.798" classname="gov.nih.nci.TestSuite" name="verifyThatACuratorCanRemoveSampleFromPublication">
    <failure message="Publication submit verification failed" type="java.lang.AssertionError">java.lang.AssertionError: Publication submit verification failed
	at org.junit.Assert.fail(Assert.java:88)
	at gov.nih.nci.HelperMethods.BaseNanoLabMethods.Verify_the_ability_to_submit_a_New_Publication(BaseNanoLabMethods.java:4382)
	at gov.nih.nci.TestSuite.verifyThatACuratorCanRemoveSampleFromPublication(TestSuite.java:3299)
	at sun.reflect.NativeMethodAccessorImpl.invoke0(Native Method)
	at sun.reflect.NativeMethodAccessorImpl.invoke(NativeMethodAccessorImpl.java:39)
	at sun.reflect.DelegatingMethodAccessorImpl.invoke(DelegatingMethodAccessorImpl.java:25)
	at java.lang.reflect.Method.invoke(Method.java:597)
	at org.junit.runners.model.FrameworkMethod$1.runReflectiveCall(FrameworkMethod.java:47)
	at org.junit.internal.runners.model.ReflectiveCallable.run(ReflectiveCallable.java:12)
	at org.junit.runners.model.FrameworkMethod.invokeExplosively(FrameworkMethod.java:44)
	at org.junit.internal.runners.statements.InvokeMethod.evaluate(InvokeMethod.java:17)
	at org.junit.internal.runners.statements.RunAfters.evaluate(RunAfters.java:27)
	at org.junit.runners.ParentRunner.runLeaf(ParentRunner.java:271)
	at org.junit.runners.BlockJUnit4ClassRunner.runChild(BlockJUnit4ClassRunner.java:70)
	at org.junit.runners.BlockJUnit4ClassRunner.runChild(BlockJUnit4ClassRunner.java:50)
	at org.junit.runners.ParentRunner$3.run(ParentRunner.java:238)
	at org.junit.runners.ParentRunner$1.schedule(ParentRunner.java:63)
	at org.junit.runners.ParentRunner.runChildren(ParentRunner.java:236)
	at org.junit.runners.ParentRunner.access$000(ParentRunner.java:53)
	at org.junit.runners.ParentRunner$2.evaluate(ParentRunner.java:229)
	at org.junit.runners.ParentRunner.run(ParentRunner.java:309)
	at org.apache.maven.surefire.junit4.JUnit4TestSet.execute(JUnit4TestSet.java:53)
	at org.apache.maven.surefire.junit4.JUnit4Provider.executeTestSet(JUnit4Provider.java:123)
	at org.apache.maven.surefire.junit4.JUnit4Provider.invoke(JUnit4Provider.java:104)
	at sun.reflect.NativeMethodAccessorImpl.invoke0(Native Method)
	at sun.reflect.NativeMethodAccessorImpl.invoke(NativeMethodAccessorImpl.java:39)
	at sun.reflect.DelegatingMethodAccessorImpl.invoke(DelegatingMethodAccessorImpl.java:25)
	at java.lang.reflect.Method.invoke(Method.java:597)
	at org.apache.maven.surefire.util.ReflectionUtils.invokeMethodWithArray(ReflectionUtils.java:164)
	at org.apache.maven.surefire.booter.ProviderFactory$ProviderProxy.invoke(ProviderFactory.java:110)
	at org.apache.maven.surefire.booter.SurefireStarter.invokeProvider(SurefireStarter.java:175)
	at org.apache.maven.surefire.booter.SurefireStarter.runSuitesInProcessWhenForked(SurefireStarter.java:107)
	at org.apache.maven.surefire.booter.ForkedBooter.main(ForkedBooter.java:68)
</failure>
    <system-out> INFO [main] (TestSuite.java:3294) - ---------------Begin Test case: 001_Verify_that_a_curator_can_remove_submited_publication--------------
 INFO [main] (BaseTestMethods.java:242) - INFO: By.selector: .subMenuPrimaryTitle is displayed
 INFO [main] (BaseTestMethods.java:228) - INFO: By.selector: .subMenuPrimaryTitle is enabled
 INFO [main] (BaseTestMethods.java:242) - INFO: By.linkText: HOME is displayed
 INFO [main] (BaseTestMethods.java:228) - INFO: By.linkText: HOME is enabled
 INFO [main] (BaseTestMethods.java:242) - INFO: By.linkText: PROTOCOLS is displayed
 INFO [main] (BaseTestMethods.java:228) - INFO: By.linkText: PROTOCOLS is enabled
 INFO [main] (BaseTestMethods.java:242) - INFO: By.linkText: SAMPLES is displayed
 INFO [main] (BaseTestMethods.java:228) - INFO: By.linkText: SAMPLES is enabled
 INFO [main] (BaseTestMethods.java:242) - INFO: By.linkText: PUBLICATIONS is displayed
 INFO [main] (BaseTestMethods.java:228) - INFO: By.linkText: PUBLICATIONS is enabled
 INFO [main] (BaseTestMethods.java:242) - INFO: By.linkText: MY WORKSPACE is displayed
 INFO [main] (BaseTestMethods.java:228) - INFO: By.linkText: MY WORKSPACE is enabled
 INFO [main] (BaseTestMethods.java:242) - INFO: By.linkText: HELP is displayed
 INFO [main] (BaseTestMethods.java:228) - INFO: By.linkText: HELP is enabled
 INFO [main] (BaseTestMethods.java:242) - INFO: By.linkText: GLOSSARY is displayed
 INFO [main] (BaseTestMethods.java:228) - INFO: By.linkText: GLOSSARY is enabled
 INFO [main] (BaseTestMethods.java:242) - INFO: By.linkText: CURATION is displayed
 INFO [main] (BaseTestMethods.java:228) - INFO: By.linkText: CURATION is enabled
ERROR [main] (BaseTestMethods.java:498) - ERROR: Cannot locate element with text: proceeding
For documentation on this error, please visit: http://seleniumhq.org/exceptions/no_such_element.html
Build info: version: &apos;2.38.0&apos;, revision: &apos;bd32d4e7247a32d801b3d2d4f84a4e7384300378&apos;, time: &apos;2013-12-05 09:01:37&apos;
System info: host: &apos;NCI-S077260-L&apos;, ip: &apos;10.170.193.47&apos;, os.name: &apos;Windows 7&apos;, os.arch: &apos;amd64&apos;, os.version: &apos;6.1&apos;, java.version: &apos;1.6.0_43&apos;
Driver info: driver.version: unknown
ERROR [main] (BaseTestMethods.java:498) - ERROR: Cannot locate element with text: in press
For documentation on this error, please visit: http://seleniumhq.org/exceptions/no_such_element.html
Build info: version: &apos;2.38.0&apos;, revision: &apos;bd32d4e7247a32d801b3d2d4f84a4e7384300378&apos;, time: &apos;2013-12-05 09:01:37&apos;
System info: host: &apos;NCI-S077260-L&apos;, ip: &apos;10.170.193.47&apos;, os.name: &apos;Windows 7&apos;, os.arch: &apos;amd64&apos;, os.version: &apos;6.1&apos;, java.version: &apos;1.6.0_43&apos;
Driver info: driver.version: unknown
ERROR [main] (BaseTestMethods.java:403) - ERROR: Element is not currently visible and so may not be interacted with
Command duration or timeout: 17 milliseconds
Build info: version: &apos;2.38.0&apos;, revision: &apos;bd32d4e7247a32d801b3d2d4f84a4e7384300378&apos;, time: &apos;2013-12-05 09:01:37&apos;
System info: host: &apos;NCI-S077260-L&apos;, ip: &apos;10.170.193.47&apos;, os.name: &apos;Windows 7&apos;, os.arch: &apos;amd64&apos;, os.version: &apos;6.1&apos;, java.version: &apos;1.6.0_43&apos;
Session ID: 880d6c36-a236-4625-8131-e1913a2eaa27
Driver info: org.openqa.selenium.firefox.FirefoxDriver
Capabilities [{platform=XP, acceptSslCerts=true, javascriptEnabled=true, browserName=firefox, rotatable=false, locationContextEnabled=true, version=31.0, cssSelectorsEnabled=true, databaseEnabled=true, handlesAlerts=true, nativeEvents=false, webStorageEnabled=true, applicationCacheEnabled=true, takesScreenshot=true}]
ERROR [main] (BaseTestMethods.java:403) - ERROR: Element is not currently visible and so may not be interacted with
Command duration or timeout: 17 milliseconds
Build info: version: &apos;2.38.0&apos;, revision: &apos;bd32d4e7247a32d801b3d2d4f84a4e7384300378&apos;, time: &apos;2013-12-05 09:01:37&apos;
System info: host: &apos;NCI-S077260-L&apos;, ip: &apos;10.170.193.47&apos;, os.name: &apos;Windows 7&apos;, os.arch: &apos;amd64&apos;, os.version: &apos;6.1&apos;, java.version: &apos;1.6.0_43&apos;
Session ID: 880d6c36-a236-4625-8131-e1913a2eaa27
Driver info: org.openqa.selenium.firefox.FirefoxDriver
Capabilities [{platform=XP, acceptSslCerts=true, javascriptEnabled=true, browserName=firefox, rotatable=false, locationContextEnabled=true, version=31.0, cssSelectorsEnabled=true, databaseEnabled=true, handlesAlerts=true, nativeEvents=false, webStorageEnabled=true, applicationCacheEnabled=true, takesScreenshot=true}]
ERROR [main] (BaseTestMethods.java:403) - ERROR: Element is not currently visible and so may not be interacted with
Command duration or timeout: 15 milliseconds
Build info: version: &apos;2.38.0&apos;, revision: &apos;bd32d4e7247a32d801b3d2d4f84a4e7384300378&apos;, time: &apos;2013-12-05 09:01:37&apos;
System info: host: &apos;NCI-S077260-L&apos;, ip: &apos;10.170.193.47&apos;, os.name: &apos;Windows 7&apos;, os.arch: &apos;amd64&apos;, os.version: &apos;6.1&apos;, java.version: &apos;1.6.0_43&apos;
Session ID: 880d6c36-a236-4625-8131-e1913a2eaa27
Driver info: org.openqa.selenium.firefox.FirefoxDriver
Capabilities [{platform=XP, acceptSslCerts=true, javascriptEnabled=true, browserName=firefox, rotatable=false, locationContextEnabled=true, version=31.0, cssSelectorsEnabled=true, databaseEnabled=true, handlesAlerts=true, nativeEvents=false, webStorageEnabled=true, applicationCacheEnabled=true, takesScreenshot=true}]
ERROR [main] (BaseTestMethods.java:403) - ERROR: Element is not currently visible and so may not be interacted with
Command duration or timeout: 14 milliseconds
Build info: version: &apos;2.38.0&apos;, revision: &apos;bd32d4e7247a32d801b3d2d4f84a4e7384300378&apos;, time: &apos;2013-12-05 09:01:37&apos;
System info: host: &apos;NCI-S077260-L&apos;, ip: &apos;10.170.193.47&apos;, os.name: &apos;Windows 7&apos;, os.arch: &apos;amd64&apos;, os.version: &apos;6.1&apos;, java.version: &apos;1.6.0_43&apos;
Session ID: 880d6c36-a236-4625-8131-e1913a2eaa27
Driver info: org.openqa.selenium.firefox.FirefoxDriver
Capabilities [{platform=XP, acceptSslCerts=true, javascriptEnabled=true, browserName=firefox, rotatable=false, locationContextEnabled=true, version=31.0, cssSelectorsEnabled=true, databaseEnabled=true, handlesAlerts=true, nativeEvents=false, webStorageEnabled=true, applicationCacheEnabled=true, takesScreenshot=true}]
ERROR [main] (BaseTestMethods.java:403) - ERROR: Element is not currently visible and so may not be interacted with
Command duration or timeout: 10 milliseconds
Build info: version: &apos;2.38.0&apos;, revision: &apos;bd32d4e7247a32d801b3d2d4f84a4e7384300378&apos;, time: &apos;2013-12-05 09:01:37&apos;
System info: host: &apos;NCI-S077260-L&apos;, ip: &apos;10.170.193.47&apos;, os.name: &apos;Windows 7&apos;, os.arch: &apos;amd64&apos;, os.version: &apos;6.1&apos;, java.version: &apos;1.6.0_43&apos;
Session ID: 880d6c36-a236-4625-8131-e1913a2eaa27
Driver info: org.openqa.selenium.firefox.FirefoxDriver
Capabilities [{platform=XP, acceptSslCerts=true, javascriptEnabled=true, browserName=firefox, rotatable=false, locationContextEnabled=true, version=31.0, cssSelectorsEnabled=true, databaseEnabled=true, handlesAlerts=true, nativeEvents=false, webStorageEnabled=true, applicationCacheEnabled=true, takesScreenshot=true}]
ERROR [main] (BaseTestMethods.java:344) - ERROR: Unable to locate element: {&quot;method&quot;:&quot;css selector&quot;,&quot;selector&quot;:&quot;.invisibleTable&gt;tbody&gt;tr&gt;td&gt;a&gt;img&quot;}
Command duration or timeout: 50.10 seconds
For documentation on this error, please visit: http://seleniumhq.org/exceptions/no_such_element.html
Build info: version: &apos;2.38.0&apos;, revision: &apos;bd32d4e7247a32d801b3d2d4f84a4e7384300378&apos;, time: &apos;2013-12-05 09:01:37&apos;
System info: host: &apos;NCI-S077260-L&apos;, ip: &apos;10.170.193.47&apos;, os.name: &apos;Windows 7&apos;, os.arch: &apos;amd64&apos;, os.version: &apos;6.1&apos;, java.version: &apos;1.6.0_43&apos;
Session ID: 880d6c36-a236-4625-8131-e1913a2eaa27
Driver info: org.openqa.selenium.firefox.FirefoxDriver
Capabilities [{platform=XP, acceptSslCerts=true, javascriptEnabled=true, browserName=firefox, rotatable=false, locationContextEnabled=true, version=31.0, cssSelectorsEnabled=true, databaseEnabled=true, handlesAlerts=true, nativeEvents=false, webStorageEnabled=true, applicationCacheEnabled=true, takesScreenshot=true}]
ERROR [main] (BaseTestMethods.java:498) - ERROR: Cannot locate element with text: test sample
For documentation on this error, please visit: http://seleniumhq.org/exceptions/no_such_element.html
Build info: version: &apos;2.38.0&apos;, revision: &apos;bd32d4e7247a32d801b3d2d4f84a4e7384300378&apos;, time: &apos;2013-12-05 09:01:37&apos;
System info: host: &apos;NCI-S077260-L&apos;, ip: &apos;10.170.193.47&apos;, os.name: &apos;Windows 7&apos;, os.arch: &apos;amd64&apos;, os.version: &apos;6.1&apos;, java.version: &apos;1.6.0_43&apos;
Driver info: driver.version: unknown
ERROR [main] (BaseTestMethods.java:344) - ERROR: Element is not currently visible and so may not be interacted with
Command duration or timeout: 50.11 seconds
Build info: version: &apos;2.38.0&apos;, revision: &apos;bd32d4e7247a32d801b3d2d4f84a4e7384300378&apos;, time: &apos;2013-12-05 09:01:37&apos;
System info: host: &apos;NCI-S077260-L&apos;, ip: &apos;10.170.193.47&apos;, os.name: &apos;Windows 7&apos;, os.arch: &apos;amd64&apos;, os.version: &apos;6.1&apos;, java.version: &apos;1.6.0_43&apos;
Session ID: 880d6c36-a236-4625-8131-e1913a2eaa27
Driver info: org.openqa.selenium.firefox.FirefoxDriver
Capabilities [{platform=XP, acceptSslCerts=true, javascriptEnabled=true, browserName=firefox, rotatable=false, locationContextEnabled=true, version=31.0, cssSelectorsEnabled=true, databaseEnabled=true, handlesAlerts=true, nativeEvents=false, webStorageEnabled=true, applicationCacheEnabled=true, takesScreenshot=true}]
 INFO [main] (BaseNanoLabMethods.java:4343) - Access privilege Could not added to the Publication
ERROR [main] (BaseNanoLabMethods.java:4356) - Could not added Access User to the Publication successfully
ERROR [main] (BaseNanoLabMethods.java:4377) - System unbale to submit publication successfully
</system-out>
  </testcase>
  <testcase time="24.547" classname="gov.nih.nci.TestSuite" name="VerifyPublicationEqualsSearchByPublicationTitle"/>
  <testcase time="31.439" classname="gov.nih.nci.TestSuite" name="ensureStrutsHasBeenRemovedFromSearchForSamplesByPublicationPage"/>
  <testcase time="86.898" classname="gov.nih.nci.TestSuite" name="SamplesSearchByCharacterizationType"/>
  <testcase time="482.364" classname="gov.nih.nci.TestSuite" name="VerifyTheAbilityToSubmitaNewPublicationAsaCurator">
    <failure message="Publication submit verification failed" type="java.lang.AssertionError">java.lang.AssertionError: Publication submit verification failed
	at org.junit.Assert.fail(Assert.java:88)
	at gov.nih.nci.HelperMethods.BaseNanoLabMethods.Verify_the_ability_to_submit_a_New_Publication(BaseNanoLabMethods.java:4382)
	at gov.nih.nci.TestSuite.VerifyTheAbilityToSubmitaNewPublicationAsaCurator(TestSuite.java:2363)
	at sun.reflect.NativeMethodAccessorImpl.invoke0(Native Method)
	at sun.reflect.NativeMethodAccessorImpl.invoke(NativeMethodAccessorImpl.java:39)
	at sun.reflect.DelegatingMethodAccessorImpl.invoke(DelegatingMethodAccessorImpl.java:25)
	at java.lang.reflect.Method.invoke(Method.java:597)
	at org.junit.runners.model.FrameworkMethod$1.runReflectiveCall(FrameworkMethod.java:47)
	at org.junit.internal.runners.model.ReflectiveCallable.run(ReflectiveCallable.java:12)
	at org.junit.runners.model.FrameworkMethod.invokeExplosively(FrameworkMethod.java:44)
	at org.junit.internal.runners.statements.InvokeMethod.evaluate(InvokeMethod.java:17)
	at org.junit.internal.runners.statements.RunAfters.evaluate(RunAfters.java:27)
	at org.junit.runners.ParentRunner.runLeaf(ParentRunner.java:271)
	at org.junit.runners.BlockJUnit4ClassRunner.runChild(BlockJUnit4ClassRunner.java:70)
	at org.junit.runners.BlockJUnit4ClassRunner.runChild(BlockJUnit4ClassRunner.java:50)
	at org.junit.runners.ParentRunner$3.run(ParentRunner.java:238)
	at org.junit.runners.ParentRunner$1.schedule(ParentRunner.java:63)
	at org.junit.runners.ParentRunner.runChildren(ParentRunner.java:236)
	at org.junit.runners.ParentRunner.access$000(ParentRunner.java:53)
	at org.junit.runners.ParentRunner$2.evaluate(ParentRunner.java:229)
	at org.junit.runners.ParentRunner.run(ParentRunner.java:309)
	at org.apache.maven.surefire.junit4.JUnit4TestSet.execute(JUnit4TestSet.java:53)
	at org.apache.maven.surefire.junit4.JUnit4Provider.executeTestSet(JUnit4Provider.java:123)
	at org.apache.maven.surefire.junit4.JUnit4Provider.invoke(JUnit4Provider.java:104)
	at sun.reflect.NativeMethodAccessorImpl.invoke0(Native Method)
	at sun.reflect.NativeMethodAccessorImpl.invoke(NativeMethodAccessorImpl.java:39)
	at sun.reflect.DelegatingMethodAccessorImpl.invoke(DelegatingMethodAccessorImpl.java:25)
	at java.lang.reflect.Method.invoke(Method.java:597)
	at org.apache.maven.surefire.util.ReflectionUtils.invokeMethodWithArray(ReflectionUtils.java:164)
	at org.apache.maven.surefire.booter.ProviderFactory$ProviderProxy.invoke(ProviderFactory.java:110)
	at org.apache.maven.surefire.booter.SurefireStarter.invokeProvider(SurefireStarter.java:175)
	at org.apache.maven.surefire.booter.SurefireStarter.runSuitesInProcessWhenForked(SurefireStarter.java:107)
	at org.apache.maven.surefire.booter.ForkedBooter.main(ForkedBooter.java:68)
</failure>
    <system-out> INFO [main] (TestSuite.java:2357) - ---------------Begin Test case: 001_Verify_the_ability_to_submit_a_New_Publication_as_a_Curator--------------
 INFO [main] (BaseTestMethods.java:242) - INFO: By.selector: .subMenuPrimaryTitle is displayed
 INFO [main] (BaseTestMethods.java:228) - INFO: By.selector: .subMenuPrimaryTitle is enabled
 INFO [main] (BaseTestMethods.java:242) - INFO: By.linkText: HOME is displayed
 INFO [main] (BaseTestMethods.java:228) - INFO: By.linkText: HOME is enabled
 INFO [main] (BaseTestMethods.java:242) - INFO: By.linkText: PROTOCOLS is displayed
 INFO [main] (BaseTestMethods.java:228) - INFO: By.linkText: PROTOCOLS is enabled
 INFO [main] (BaseTestMethods.java:242) - INFO: By.linkText: SAMPLES is displayed
 INFO [main] (BaseTestMethods.java:228) - INFO: By.linkText: SAMPLES is enabled
 INFO [main] (BaseTestMethods.java:242) - INFO: By.linkText: PUBLICATIONS is displayed
 INFO [main] (BaseTestMethods.java:228) - INFO: By.linkText: PUBLICATIONS is enabled
 INFO [main] (BaseTestMethods.java:242) - INFO: By.linkText: MY WORKSPACE is displayed
 INFO [main] (BaseTestMethods.java:228) - INFO: By.linkText: MY WORKSPACE is enabled
 INFO [main] (BaseTestMethods.java:242) - INFO: By.linkText: HELP is displayed
 INFO [main] (BaseTestMethods.java:228) - INFO: By.linkText: HELP is enabled
 INFO [main] (BaseTestMethods.java:242) - INFO: By.linkText: GLOSSARY is displayed
 INFO [main] (BaseTestMethods.java:228) - INFO: By.linkText: GLOSSARY is enabled
 INFO [main] (BaseTestMethods.java:242) - INFO: By.linkText: CURATION is displayed
 INFO [main] (BaseTestMethods.java:228) - INFO: By.linkText: CURATION is enabled
ERROR [main] (BaseTestMethods.java:498) - ERROR: Cannot locate element with text: proceeding
For documentation on this error, please visit: http://seleniumhq.org/exceptions/no_such_element.html
Build info: version: &apos;2.38.0&apos;, revision: &apos;bd32d4e7247a32d801b3d2d4f84a4e7384300378&apos;, time: &apos;2013-12-05 09:01:37&apos;
System info: host: &apos;NCI-S077260-L&apos;, ip: &apos;10.170.193.47&apos;, os.name: &apos;Windows 7&apos;, os.arch: &apos;amd64&apos;, os.version: &apos;6.1&apos;, java.version: &apos;1.6.0_43&apos;
Driver info: driver.version: unknown
ERROR [main] (BaseTestMethods.java:498) - ERROR: Cannot locate element with text: in press
For documentation on this error, please visit: http://seleniumhq.org/exceptions/no_such_element.html
Build info: version: &apos;2.38.0&apos;, revision: &apos;bd32d4e7247a32d801b3d2d4f84a4e7384300378&apos;, time: &apos;2013-12-05 09:01:37&apos;
System info: host: &apos;NCI-S077260-L&apos;, ip: &apos;10.170.193.47&apos;, os.name: &apos;Windows 7&apos;, os.arch: &apos;amd64&apos;, os.version: &apos;6.1&apos;, java.version: &apos;1.6.0_43&apos;
Driver info: driver.version: unknown
ERROR [main] (BaseTestMethods.java:403) - ERROR: Element is not currently visible and so may not be interacted with
Command duration or timeout: 19 milliseconds
Build info: version: &apos;2.38.0&apos;, revision: &apos;bd32d4e7247a32d801b3d2d4f84a4e7384300378&apos;, time: &apos;2013-12-05 09:01:37&apos;
System info: host: &apos;NCI-S077260-L&apos;, ip: &apos;10.170.193.47&apos;, os.name: &apos;Windows 7&apos;, os.arch: &apos;amd64&apos;, os.version: &apos;6.1&apos;, java.version: &apos;1.6.0_43&apos;
Session ID: 42b88d37-3d27-43d3-8b55-41276d3b592f
Driver info: org.openqa.selenium.firefox.FirefoxDriver
Capabilities [{platform=XP, acceptSslCerts=true, javascriptEnabled=true, browserName=firefox, rotatable=false, locationContextEnabled=true, version=31.0, cssSelectorsEnabled=true, databaseEnabled=true, handlesAlerts=true, nativeEvents=false, webStorageEnabled=true, applicationCacheEnabled=true, takesScreenshot=true}]
ERROR [main] (BaseTestMethods.java:403) - ERROR: Element is not currently visible and so may not be interacted with
Command duration or timeout: 21 milliseconds
Build info: version: &apos;2.38.0&apos;, revision: &apos;bd32d4e7247a32d801b3d2d4f84a4e7384300378&apos;, time: &apos;2013-12-05 09:01:37&apos;
System info: host: &apos;NCI-S077260-L&apos;, ip: &apos;10.170.193.47&apos;, os.name: &apos;Windows 7&apos;, os.arch: &apos;amd64&apos;, os.version: &apos;6.1&apos;, java.version: &apos;1.6.0_43&apos;
Session ID: 42b88d37-3d27-43d3-8b55-41276d3b592f
Driver info: org.openqa.selenium.firefox.FirefoxDriver
Capabilities [{platform=XP, acceptSslCerts=true, javascriptEnabled=true, browserName=firefox, rotatable=false, locationContextEnabled=true, version=31.0, cssSelectorsEnabled=true, databaseEnabled=true, handlesAlerts=true, nativeEvents=false, webStorageEnabled=true, applicationCacheEnabled=true, takesScreenshot=true}]
ERROR [main] (BaseTestMethods.java:403) - ERROR: Element is not currently visible and so may not be interacted with
Command duration or timeout: 9 milliseconds
Build info: version: &apos;2.38.0&apos;, revision: &apos;bd32d4e7247a32d801b3d2d4f84a4e7384300378&apos;, time: &apos;2013-12-05 09:01:37&apos;
System info: host: &apos;NCI-S077260-L&apos;, ip: &apos;10.170.193.47&apos;, os.name: &apos;Windows 7&apos;, os.arch: &apos;amd64&apos;, os.version: &apos;6.1&apos;, java.version: &apos;1.6.0_43&apos;
Session ID: 42b88d37-3d27-43d3-8b55-41276d3b592f
Driver info: org.openqa.selenium.firefox.FirefoxDriver
Capabilities [{platform=XP, acceptSslCerts=true, javascriptEnabled=true, browserName=firefox, rotatable=false, locationContextEnabled=true, version=31.0, cssSelectorsEnabled=true, databaseEnabled=true, handlesAlerts=true, nativeEvents=false, webStorageEnabled=true, applicationCacheEnabled=true, takesScreenshot=true}]
ERROR [main] (BaseTestMethods.java:403) - ERROR: Element is not currently visible and so may not be interacted with
Command duration or timeout: 17 milliseconds
Build info: version: &apos;2.38.0&apos;, revision: &apos;bd32d4e7247a32d801b3d2d4f84a4e7384300378&apos;, time: &apos;2013-12-05 09:01:37&apos;
System info: host: &apos;NCI-S077260-L&apos;, ip: &apos;10.170.193.47&apos;, os.name: &apos;Windows 7&apos;, os.arch: &apos;amd64&apos;, os.version: &apos;6.1&apos;, java.version: &apos;1.6.0_43&apos;
Session ID: 42b88d37-3d27-43d3-8b55-41276d3b592f
Driver info: org.openqa.selenium.firefox.FirefoxDriver
Capabilities [{platform=XP, acceptSslCerts=true, javascriptEnabled=true, browserName=firefox, rotatable=false, locationContextEnabled=true, version=31.0, cssSelectorsEnabled=true, databaseEnabled=true, handlesAlerts=true, nativeEvents=false, webStorageEnabled=true, applicationCacheEnabled=true, takesScreenshot=true}]
ERROR [main] (BaseTestMethods.java:403) - ERROR: Element is not currently visible and so may not be interacted with
Command duration or timeout: 12 milliseconds
Build info: version: &apos;2.38.0&apos;, revision: &apos;bd32d4e7247a32d801b3d2d4f84a4e7384300378&apos;, time: &apos;2013-12-05 09:01:37&apos;
System info: host: &apos;NCI-S077260-L&apos;, ip: &apos;10.170.193.47&apos;, os.name: &apos;Windows 7&apos;, os.arch: &apos;amd64&apos;, os.version: &apos;6.1&apos;, java.version: &apos;1.6.0_43&apos;
Session ID: 42b88d37-3d27-43d3-8b55-41276d3b592f
Driver info: org.openqa.selenium.firefox.FirefoxDriver
Capabilities [{platform=XP, acceptSslCerts=true, javascriptEnabled=true, browserName=firefox, rotatable=false, locationContextEnabled=true, version=31.0, cssSelectorsEnabled=true, databaseEnabled=true, handlesAlerts=true, nativeEvents=false, webStorageEnabled=true, applicationCacheEnabled=true, takesScreenshot=true}]
ERROR [main] (BaseTestMethods.java:344) - ERROR: Unable to locate element: {&quot;method&quot;:&quot;css selector&quot;,&quot;selector&quot;:&quot;.invisibleTable&gt;tbody&gt;tr&gt;td&gt;a&gt;img&quot;}
Command duration or timeout: 50.13 seconds
For documentation on this error, please visit: http://seleniumhq.org/exceptions/no_such_element.html
Build info: version: &apos;2.38.0&apos;, revision: &apos;bd32d4e7247a32d801b3d2d4f84a4e7384300378&apos;, time: &apos;2013-12-05 09:01:37&apos;
System info: host: &apos;NCI-S077260-L&apos;, ip: &apos;10.170.193.47&apos;, os.name: &apos;Windows 7&apos;, os.arch: &apos;amd64&apos;, os.version: &apos;6.1&apos;, java.version: &apos;1.6.0_43&apos;
Session ID: 42b88d37-3d27-43d3-8b55-41276d3b592f
Driver info: org.openqa.selenium.firefox.FirefoxDriver
Capabilities [{platform=XP, acceptSslCerts=true, javascriptEnabled=true, browserName=firefox, rotatable=false, locationContextEnabled=true, version=31.0, cssSelectorsEnabled=true, databaseEnabled=true, handlesAlerts=true, nativeEvents=false, webStorageEnabled=true, applicationCacheEnabled=true, takesScreenshot=true}]
ERROR [main] (BaseTestMethods.java:498) - ERROR: Cannot locate element with text: test sample
For documentation on this error, please visit: http://seleniumhq.org/exceptions/no_such_element.html
Build info: version: &apos;2.38.0&apos;, revision: &apos;bd32d4e7247a32d801b3d2d4f84a4e7384300378&apos;, time: &apos;2013-12-05 09:01:37&apos;
System info: host: &apos;NCI-S077260-L&apos;, ip: &apos;10.170.193.47&apos;, os.name: &apos;Windows 7&apos;, os.arch: &apos;amd64&apos;, os.version: &apos;6.1&apos;, java.version: &apos;1.6.0_43&apos;
Driver info: driver.version: unknown
ERROR [main] (BaseTestMethods.java:344) - ERROR: Element is not currently visible and so may not be interacted with
Command duration or timeout: 50.09 seconds
Build info: version: &apos;2.38.0&apos;, revision: &apos;bd32d4e7247a32d801b3d2d4f84a4e7384300378&apos;, time: &apos;2013-12-05 09:01:37&apos;
System info: host: &apos;NCI-S077260-L&apos;, ip: &apos;10.170.193.47&apos;, os.name: &apos;Windows 7&apos;, os.arch: &apos;amd64&apos;, os.version: &apos;6.1&apos;, java.version: &apos;1.6.0_43&apos;
Session ID: 42b88d37-3d27-43d3-8b55-41276d3b592f
Driver info: org.openqa.selenium.firefox.FirefoxDriver
Capabilities [{platform=XP, acceptSslCerts=true, javascriptEnabled=true, browserName=firefox, rotatable=false, locationContextEnabled=true, version=31.0, cssSelectorsEnabled=true, databaseEnabled=true, handlesAlerts=true, nativeEvents=false, webStorageEnabled=true, applicationCacheEnabled=true, takesScreenshot=true}]
 INFO [main] (BaseNanoLabMethods.java:4343) - Access privilege Could not added to the Publication
ERROR [main] (BaseNanoLabMethods.java:4356) - Could not added Access User to the Publication successfully
ERROR [main] (BaseNanoLabMethods.java:4377) - System unbale to submit publication successfully
</system-out>
  </testcase>
  <testcase time="15.712" classname="gov.nih.nci.TestSuite" name="SamplesContainsSearchBySampleName"/>
  <testcase time="30.549" classname="gov.nih.nci.TestSuite" name="verifyManageBatchDataAvailabilityLinkExists"/>
  <testcase time="318.683" classname="gov.nih.nci.TestSuite" name="verifyTheAbilityToAddASampleCompositionNaomaterialEntityAsCurator">
    <failure message="Sample General Info submit verification failed" type="java.lang.AssertionError">java.lang.AssertionError: Sample General Info submit verification failed
	at org.junit.Assert.fail(Assert.java:88)
	at gov.nih.nci.HelperMethods.BaseNanoLabMethods.Verify_the_ability_to_submit_a_New_Samples_general_info(BaseNanoLabMethods.java:4532)
	at gov.nih.nci.TestSuite.verifyTheAbilityToAddASampleCompositionNaomaterialEntityAsCurator(TestSuite.java:3448)
	at sun.reflect.NativeMethodAccessorImpl.invoke0(Native Method)
	at sun.reflect.NativeMethodAccessorImpl.invoke(NativeMethodAccessorImpl.java:39)
	at sun.reflect.DelegatingMethodAccessorImpl.invoke(DelegatingMethodAccessorImpl.java:25)
	at java.lang.reflect.Method.invoke(Method.java:597)
	at org.junit.runners.model.FrameworkMethod$1.runReflectiveCall(FrameworkMethod.java:47)
	at org.junit.internal.runners.model.ReflectiveCallable.run(ReflectiveCallable.java:12)
	at org.junit.runners.model.FrameworkMethod.invokeExplosively(FrameworkMethod.java:44)
	at org.junit.internal.runners.statements.InvokeMethod.evaluate(InvokeMethod.java:17)
	at org.junit.internal.runners.statements.RunAfters.evaluate(RunAfters.java:27)
	at org.junit.runners.ParentRunner.runLeaf(ParentRunner.java:271)
	at org.junit.runners.BlockJUnit4ClassRunner.runChild(BlockJUnit4ClassRunner.java:70)
	at org.junit.runners.BlockJUnit4ClassRunner.runChild(BlockJUnit4ClassRunner.java:50)
	at org.junit.runners.ParentRunner$3.run(ParentRunner.java:238)
	at org.junit.runners.ParentRunner$1.schedule(ParentRunner.java:63)
	at org.junit.runners.ParentRunner.runChildren(ParentRunner.java:236)
	at org.junit.runners.ParentRunner.access$000(ParentRunner.java:53)
	at org.junit.runners.ParentRunner$2.evaluate(ParentRunner.java:229)
	at org.junit.runners.ParentRunner.run(ParentRunner.java:309)
	at org.apache.maven.surefire.junit4.JUnit4TestSet.execute(JUnit4TestSet.java:53)
	at org.apache.maven.surefire.junit4.JUnit4Provider.executeTestSet(JUnit4Provider.java:123)
	at org.apache.maven.surefire.junit4.JUnit4Provider.invoke(JUnit4Provider.java:104)
	at sun.reflect.NativeMethodAccessorImpl.invoke0(Native Method)
	at sun.reflect.NativeMethodAccessorImpl.invoke(NativeMethodAccessorImpl.java:39)
	at sun.reflect.DelegatingMethodAccessorImpl.invoke(DelegatingMethodAccessorImpl.java:25)
	at java.lang.reflect.Method.invoke(Method.java:597)
	at org.apache.maven.surefire.util.ReflectionUtils.invokeMethodWithArray(ReflectionUtils.java:164)
	at org.apache.maven.surefire.booter.ProviderFactory$ProviderProxy.invoke(ProviderFactory.java:110)
	at org.apache.maven.surefire.booter.SurefireStarter.invokeProvider(SurefireStarter.java:175)
	at org.apache.maven.surefire.booter.SurefireStarter.runSuitesInProcessWhenForked(SurefireStarter.java:107)
	at org.apache.maven.surefire.booter.ForkedBooter.main(ForkedBooter.java:68)
</failure>
    <system-out> INFO [main] (TestSuite.java:3443) - ---------------Begin Test case: 005_Verify_the_ability_to_add_a_Sample_Composition_Naomaterial_Entity_as_Curator--------------
 INFO [main] (BaseTestMethods.java:242) - INFO: By.selector: .subMenuPrimaryTitle is displayed
 INFO [main] (BaseTestMethods.java:228) - INFO: By.selector: .subMenuPrimaryTitle is enabled
 INFO [main] (BaseTestMethods.java:242) - INFO: By.linkText: HOME is displayed
 INFO [main] (BaseTestMethods.java:228) - INFO: By.linkText: HOME is enabled
 INFO [main] (BaseTestMethods.java:242) - INFO: By.linkText: PROTOCOLS is displayed
 INFO [main] (BaseTestMethods.java:228) - INFO: By.linkText: PROTOCOLS is enabled
 INFO [main] (BaseTestMethods.java:242) - INFO: By.linkText: SAMPLES is displayed
 INFO [main] (BaseTestMethods.java:228) - INFO: By.linkText: SAMPLES is enabled
 INFO [main] (BaseTestMethods.java:242) - INFO: By.linkText: PUBLICATIONS is displayed
 INFO [main] (BaseTestMethods.java:228) - INFO: By.linkText: PUBLICATIONS is enabled
 INFO [main] (BaseTestMethods.java:242) - INFO: By.linkText: MY WORKSPACE is displayed
 INFO [main] (BaseTestMethods.java:228) - INFO: By.linkText: MY WORKSPACE is enabled
 INFO [main] (BaseTestMethods.java:242) - INFO: By.linkText: HELP is displayed
 INFO [main] (BaseTestMethods.java:228) - INFO: By.linkText: HELP is enabled
 INFO [main] (BaseTestMethods.java:242) - INFO: By.linkText: GLOSSARY is displayed
 INFO [main] (BaseTestMethods.java:228) - INFO: By.linkText: GLOSSARY is enabled
 INFO [main] (BaseTestMethods.java:242) - INFO: By.linkText: CURATION is displayed
 INFO [main] (BaseTestMethods.java:228) - INFO: By.linkText: CURATION is enabled
 INFO [main] (BaseNanoLabMethods.java:4441) - Sample Point of contacts added successfully
 INFO [main] (BaseNanoLabMethods.java:4480) - Verifying access to the sample information
 INFO [main] (BaseNanoLabMethods.java:4490) - Sample Access User has been added successfully
 INFO [main] (BaseNanoLabMethods.java:411) - Keyword: sample has been added to the sample
 INFO [main] (BaseNanoLabMethods.java:411) - Keyword: qa has been added to the sample
 INFO [main] (BaseNanoLabMethods.java:411) - Keyword: test has been added to the sample
 INFO [main] (BaseNanoLabMethods.java:411) - Keyword: samples has been added to the sample
ERROR [main] (BaseNanoLabMethods.java:4527) - System unbale to submit Sample General Info successfully
</system-out>
  </testcase>
  <testcase time="49.686" classname="gov.nih.nci.TestSuite" name="verifyTheAbilityToSearchProtocolsAsACurator1"/>
  <testcase time="151.077" classname="gov.nih.nci.TestSuite" name="verifyCuratorUserCanViewSamplesFromMyWorkspacePage"/>
  <testcase time="105.954" classname="gov.nih.nci.TestSuite" name="verifyResearcherUserCanViewMyProtocolsFromMyWorkspacePage">
    <failure message="Protocols View verification failed" type="java.lang.AssertionError">java.lang.AssertionError: Protocols View verification failed
	at org.junit.Assert.fail(Assert.java:88)
	at gov.nih.nci.HelperMethods.BaseNanoLabMethods.Verify_Researcher_User_can_View_My_Protocols_from_My_Workspace_page(BaseNanoLabMethods.java:3648)
	at gov.nih.nci.TestSuite.verifyResearcherUserCanViewMyProtocolsFromMyWorkspacePage(TestSuite.java:2959)
	at sun.reflect.NativeMethodAccessorImpl.invoke0(Native Method)
	at sun.reflect.NativeMethodAccessorImpl.invoke(NativeMethodAccessorImpl.java:39)
	at sun.reflect.DelegatingMethodAccessorImpl.invoke(DelegatingMethodAccessorImpl.java:25)
	at java.lang.reflect.Method.invoke(Method.java:597)
	at org.junit.runners.model.FrameworkMethod$1.runReflectiveCall(FrameworkMethod.java:47)
	at org.junit.internal.runners.model.ReflectiveCallable.run(ReflectiveCallable.java:12)
	at org.junit.runners.model.FrameworkMethod.invokeExplosively(FrameworkMethod.java:44)
	at org.junit.internal.runners.statements.InvokeMethod.evaluate(InvokeMethod.java:17)
	at org.junit.internal.runners.statements.RunAfters.evaluate(RunAfters.java:27)
	at org.junit.runners.ParentRunner.runLeaf(ParentRunner.java:271)
	at org.junit.runners.BlockJUnit4ClassRunner.runChild(BlockJUnit4ClassRunner.java:70)
	at org.junit.runners.BlockJUnit4ClassRunner.runChild(BlockJUnit4ClassRunner.java:50)
	at org.junit.runners.ParentRunner$3.run(ParentRunner.java:238)
	at org.junit.runners.ParentRunner$1.schedule(ParentRunner.java:63)
	at org.junit.runners.ParentRunner.runChildren(ParentRunner.java:236)
	at org.junit.runners.ParentRunner.access$000(ParentRunner.java:53)
	at org.junit.runners.ParentRunner$2.evaluate(ParentRunner.java:229)
	at org.junit.runners.ParentRunner.run(ParentRunner.java:309)
	at org.apache.maven.surefire.junit4.JUnit4TestSet.execute(JUnit4TestSet.java:53)
	at org.apache.maven.surefire.junit4.JUnit4Provider.executeTestSet(JUnit4Provider.java:123)
	at org.apache.maven.surefire.junit4.JUnit4Provider.invoke(JUnit4Provider.java:104)
	at sun.reflect.NativeMethodAccessorImpl.invoke0(Native Method)
	at sun.reflect.NativeMethodAccessorImpl.invoke(NativeMethodAccessorImpl.java:39)
	at sun.reflect.DelegatingMethodAccessorImpl.invoke(DelegatingMethodAccessorImpl.java:25)
	at java.lang.reflect.Method.invoke(Method.java:597)
	at org.apache.maven.surefire.util.ReflectionUtils.invokeMethodWithArray(ReflectionUtils.java:164)
	at org.apache.maven.surefire.booter.ProviderFactory$ProviderProxy.invoke(ProviderFactory.java:110)
	at org.apache.maven.surefire.booter.SurefireStarter.invokeProvider(SurefireStarter.java:175)
	at org.apache.maven.surefire.booter.SurefireStarter.runSuitesInProcessWhenForked(SurefireStarter.java:107)
	at org.apache.maven.surefire.booter.ForkedBooter.main(ForkedBooter.java:68)
</failure>
    <system-out> INFO [main] (TestSuite.java:2951) - ---------------Begin Test case: 011_Verify_Researcher_User_can_View_My_Protocols_from_My_Workspace_page--------------
 INFO [main] (BaseTestMethods.java:242) - INFO: By.selector: .subMenuPrimaryTitle is displayed
 INFO [main] (BaseTestMethods.java:228) - INFO: By.selector: .subMenuPrimaryTitle is enabled
 INFO [main] (BaseTestMethods.java:242) - INFO: By.linkText: HOME is displayed
 INFO [main] (BaseTestMethods.java:228) - INFO: By.linkText: HOME is enabled
 INFO [main] (BaseTestMethods.java:242) - INFO: By.linkText: PROTOCOLS is displayed
 INFO [main] (BaseTestMethods.java:228) - INFO: By.linkText: PROTOCOLS is enabled
 INFO [main] (BaseTestMethods.java:242) - INFO: By.linkText: SAMPLES is displayed
 INFO [main] (BaseTestMethods.java:228) - INFO: By.linkText: SAMPLES is enabled
 INFO [main] (BaseTestMethods.java:242) - INFO: By.linkText: PUBLICATIONS is displayed
 INFO [main] (BaseTestMethods.java:228) - INFO: By.linkText: PUBLICATIONS is enabled
 INFO [main] (BaseTestMethods.java:242) - INFO: By.linkText: MY WORKSPACE is displayed
 INFO [main] (BaseTestMethods.java:228) - INFO: By.linkText: MY WORKSPACE is enabled
 INFO [main] (BaseTestMethods.java:242) - INFO: By.linkText: HELP is displayed
 INFO [main] (BaseTestMethods.java:228) - INFO: By.linkText: HELP is enabled
 INFO [main] (BaseTestMethods.java:242) - INFO: By.linkText: GLOSSARY is displayed
 INFO [main] (BaseTestMethods.java:228) - INFO: By.linkText: GLOSSARY is enabled
 INFO [main] (BaseTestMethods.java:242) - INFO: By.linkText: MY WORKSPACE is displayed
 INFO [main] (BaseTestMethods.java:228) - INFO: By.linkText: MY WORKSPACE is enabled
 INFO [main] (BaseNanoLabMethods.java:1261) - URL verification successful for url - https://cananolab-qa.nci.nih.gov/caNanoLab/#/home
 INFO [main] (BaseNanoLabMethods.java:1110) - Page verification successful. Text My Workspace found.
ERROR [main] (BaseTestMethods.java:344) - ERROR: Element is not currently visible and so may not be interacted with
Command duration or timeout: 30.07 seconds
Build info: version: &apos;2.38.0&apos;, revision: &apos;bd32d4e7247a32d801b3d2d4f84a4e7384300378&apos;, time: &apos;2013-12-05 09:01:37&apos;
System info: host: &apos;NCI-S077260-L&apos;, ip: &apos;10.170.193.47&apos;, os.name: &apos;Windows 7&apos;, os.arch: &apos;amd64&apos;, os.version: &apos;6.1&apos;, java.version: &apos;1.6.0_43&apos;
Session ID: f2fc8538-0e06-400f-b3bb-9f16126ab979
Driver info: org.openqa.selenium.firefox.FirefoxDriver
Capabilities [{platform=XP, acceptSslCerts=true, javascriptEnabled=true, browserName=firefox, rotatable=false, locationContextEnabled=true, version=31.0, cssSelectorsEnabled=true, databaseEnabled=true, handlesAlerts=true, nativeEvents=false, webStorageEnabled=true, applicationCacheEnabled=true, takesScreenshot=true}]
ERROR [main] (BaseNanoLabMethods.java:3643) - Protocols View failed
</system-out>
  </testcase>
  <testcase time="481.946" classname="gov.nih.nci.TestSuite" name="verifyThatAResearcherAbleToRemoveSampleFromPublicationForPublicationThatUserHaveDeleteAccess">
    <failure message="Publication submit verification failed" type="java.lang.AssertionError">java.lang.AssertionError: Publication submit verification failed
	at org.junit.Assert.fail(Assert.java:88)
	at gov.nih.nci.HelperMethods.BaseNanoLabMethods.Verify_the_ability_to_submit_a_New_Publication(BaseNanoLabMethods.java:4382)
	at gov.nih.nci.TestSuite.verifyThatAResearcherAbleToRemoveSampleFromPublicationForPublicationThatUserHaveDeleteAccess(TestSuite.java:3323)
	at sun.reflect.NativeMethodAccessorImpl.invoke0(Native Method)
	at sun.reflect.NativeMethodAccessorImpl.invoke(NativeMethodAccessorImpl.java:39)
	at sun.reflect.DelegatingMethodAccessorImpl.invoke(DelegatingMethodAccessorImpl.java:25)
	at java.lang.reflect.Method.invoke(Method.java:597)
	at org.junit.runners.model.FrameworkMethod$1.runReflectiveCall(FrameworkMethod.java:47)
	at org.junit.internal.runners.model.ReflectiveCallable.run(ReflectiveCallable.java:12)
	at org.junit.runners.model.FrameworkMethod.invokeExplosively(FrameworkMethod.java:44)
	at org.junit.internal.runners.statements.InvokeMethod.evaluate(InvokeMethod.java:17)
	at org.junit.internal.runners.statements.RunAfters.evaluate(RunAfters.java:27)
	at org.junit.runners.ParentRunner.runLeaf(ParentRunner.java:271)
	at org.junit.runners.BlockJUnit4ClassRunner.runChild(BlockJUnit4ClassRunner.java:70)
	at org.junit.runners.BlockJUnit4ClassRunner.runChild(BlockJUnit4ClassRunner.java:50)
	at org.junit.runners.ParentRunner$3.run(ParentRunner.java:238)
	at org.junit.runners.ParentRunner$1.schedule(ParentRunner.java:63)
	at org.junit.runners.ParentRunner.runChildren(ParentRunner.java:236)
	at org.junit.runners.ParentRunner.access$000(ParentRunner.java:53)
	at org.junit.runners.ParentRunner$2.evaluate(ParentRunner.java:229)
	at org.junit.runners.ParentRunner.run(ParentRunner.java:309)
	at org.apache.maven.surefire.junit4.JUnit4TestSet.execute(JUnit4TestSet.java:53)
	at org.apache.maven.surefire.junit4.JUnit4Provider.executeTestSet(JUnit4Provider.java:123)
	at org.apache.maven.surefire.junit4.JUnit4Provider.invoke(JUnit4Provider.java:104)
	at sun.reflect.NativeMethodAccessorImpl.invoke0(Native Method)
	at sun.reflect.NativeMethodAccessorImpl.invoke(NativeMethodAccessorImpl.java:39)
	at sun.reflect.DelegatingMethodAccessorImpl.invoke(DelegatingMethodAccessorImpl.java:25)
	at java.lang.reflect.Method.invoke(Method.java:597)
	at org.apache.maven.surefire.util.ReflectionUtils.invokeMethodWithArray(ReflectionUtils.java:164)
	at org.apache.maven.surefire.booter.ProviderFactory$ProviderProxy.invoke(ProviderFactory.java:110)
	at org.apache.maven.surefire.booter.SurefireStarter.invokeProvider(SurefireStarter.java:175)
	at org.apache.maven.surefire.booter.SurefireStarter.runSuitesInProcessWhenForked(SurefireStarter.java:107)
	at org.apache.maven.surefire.booter.ForkedBooter.main(ForkedBooter.java:68)
</failure>
    <system-out> INFO [main] (TestSuite.java:3318) - ---------------Begin Test case: 002_Verify_that_a_researcher_able_to_remove_sample_from_publication_for_publication_that_user_have_delete_access--------------
 INFO [main] (BaseTestMethods.java:242) - INFO: By.selector: .subMenuPrimaryTitle is displayed
 INFO [main] (BaseTestMethods.java:228) - INFO: By.selector: .subMenuPrimaryTitle is enabled
 INFO [main] (BaseTestMethods.java:242) - INFO: By.linkText: HOME is displayed
 INFO [main] (BaseTestMethods.java:228) - INFO: By.linkText: HOME is enabled
 INFO [main] (BaseTestMethods.java:242) - INFO: By.linkText: PROTOCOLS is displayed
 INFO [main] (BaseTestMethods.java:228) - INFO: By.linkText: PROTOCOLS is enabled
 INFO [main] (BaseTestMethods.java:242) - INFO: By.linkText: SAMPLES is displayed
 INFO [main] (BaseTestMethods.java:228) - INFO: By.linkText: SAMPLES is enabled
 INFO [main] (BaseTestMethods.java:242) - INFO: By.linkText: PUBLICATIONS is displayed
 INFO [main] (BaseTestMethods.java:228) - INFO: By.linkText: PUBLICATIONS is enabled
 INFO [main] (BaseTestMethods.java:242) - INFO: By.linkText: MY WORKSPACE is displayed
 INFO [main] (BaseTestMethods.java:228) - INFO: By.linkText: MY WORKSPACE is enabled
 INFO [main] (BaseTestMethods.java:242) - INFO: By.linkText: HELP is displayed
 INFO [main] (BaseTestMethods.java:228) - INFO: By.linkText: HELP is enabled
 INFO [main] (BaseTestMethods.java:242) - INFO: By.linkText: GLOSSARY is displayed
 INFO [main] (BaseTestMethods.java:228) - INFO: By.linkText: GLOSSARY is enabled
 INFO [main] (BaseTestMethods.java:242) - INFO: By.linkText: MY WORKSPACE is displayed
 INFO [main] (BaseTestMethods.java:228) - INFO: By.linkText: MY WORKSPACE is enabled
ERROR [main] (BaseTestMethods.java:498) - ERROR: Cannot locate element with text: proceeding
For documentation on this error, please visit: http://seleniumhq.org/exceptions/no_such_element.html
Build info: version: &apos;2.38.0&apos;, revision: &apos;bd32d4e7247a32d801b3d2d4f84a4e7384300378&apos;, time: &apos;2013-12-05 09:01:37&apos;
System info: host: &apos;NCI-S077260-L&apos;, ip: &apos;10.170.193.47&apos;, os.name: &apos;Windows 7&apos;, os.arch: &apos;amd64&apos;, os.version: &apos;6.1&apos;, java.version: &apos;1.6.0_43&apos;
Driver info: driver.version: unknown
ERROR [main] (BaseTestMethods.java:498) - ERROR: Cannot locate element with text: in press
For documentation on this error, please visit: http://seleniumhq.org/exceptions/no_such_element.html
Build info: version: &apos;2.38.0&apos;, revision: &apos;bd32d4e7247a32d801b3d2d4f84a4e7384300378&apos;, time: &apos;2013-12-05 09:01:37&apos;
System info: host: &apos;NCI-S077260-L&apos;, ip: &apos;10.170.193.47&apos;, os.name: &apos;Windows 7&apos;, os.arch: &apos;amd64&apos;, os.version: &apos;6.1&apos;, java.version: &apos;1.6.0_43&apos;
Driver info: driver.version: unknown
ERROR [main] (BaseTestMethods.java:403) - ERROR: Element is not currently visible and so may not be interacted with
Command duration or timeout: 16 milliseconds
Build info: version: &apos;2.38.0&apos;, revision: &apos;bd32d4e7247a32d801b3d2d4f84a4e7384300378&apos;, time: &apos;2013-12-05 09:01:37&apos;
System info: host: &apos;NCI-S077260-L&apos;, ip: &apos;10.170.193.47&apos;, os.name: &apos;Windows 7&apos;, os.arch: &apos;amd64&apos;, os.version: &apos;6.1&apos;, java.version: &apos;1.6.0_43&apos;
Session ID: 6d0ff436-e80d-4214-b405-1e4ffc77beca
Driver info: org.openqa.selenium.firefox.FirefoxDriver
Capabilities [{platform=XP, acceptSslCerts=true, javascriptEnabled=true, browserName=firefox, rotatable=false, locationContextEnabled=true, version=31.0, cssSelectorsEnabled=true, databaseEnabled=true, handlesAlerts=true, nativeEvents=false, webStorageEnabled=true, applicationCacheEnabled=true, takesScreenshot=true}]
ERROR [main] (BaseTestMethods.java:403) - ERROR: Element is not currently visible and so may not be interacted with
Command duration or timeout: 16 milliseconds
Build info: version: &apos;2.38.0&apos;, revision: &apos;bd32d4e7247a32d801b3d2d4f84a4e7384300378&apos;, time: &apos;2013-12-05 09:01:37&apos;
System info: host: &apos;NCI-S077260-L&apos;, ip: &apos;10.170.193.47&apos;, os.name: &apos;Windows 7&apos;, os.arch: &apos;amd64&apos;, os.version: &apos;6.1&apos;, java.version: &apos;1.6.0_43&apos;
Session ID: 6d0ff436-e80d-4214-b405-1e4ffc77beca
Driver info: org.openqa.selenium.firefox.FirefoxDriver
Capabilities [{platform=XP, acceptSslCerts=true, javascriptEnabled=true, browserName=firefox, rotatable=false, locationContextEnabled=true, version=31.0, cssSelectorsEnabled=true, databaseEnabled=true, handlesAlerts=true, nativeEvents=false, webStorageEnabled=true, applicationCacheEnabled=true, takesScreenshot=true}]
ERROR [main] (BaseTestMethods.java:403) - ERROR: Element is not currently visible and so may not be interacted with
Command duration or timeout: 14 milliseconds
Build info: version: &apos;2.38.0&apos;, revision: &apos;bd32d4e7247a32d801b3d2d4f84a4e7384300378&apos;, time: &apos;2013-12-05 09:01:37&apos;
System info: host: &apos;NCI-S077260-L&apos;, ip: &apos;10.170.193.47&apos;, os.name: &apos;Windows 7&apos;, os.arch: &apos;amd64&apos;, os.version: &apos;6.1&apos;, java.version: &apos;1.6.0_43&apos;
Session ID: 6d0ff436-e80d-4214-b405-1e4ffc77beca
Driver info: org.openqa.selenium.firefox.FirefoxDriver
Capabilities [{platform=XP, acceptSslCerts=true, javascriptEnabled=true, browserName=firefox, rotatable=false, locationContextEnabled=true, version=31.0, cssSelectorsEnabled=true, databaseEnabled=true, handlesAlerts=true, nativeEvents=false, webStorageEnabled=true, applicationCacheEnabled=true, takesScreenshot=true}]
ERROR [main] (BaseTestMethods.java:403) - ERROR: Element is not currently visible and so may not be interacted with
Command duration or timeout: 11 milliseconds
Build info: version: &apos;2.38.0&apos;, revision: &apos;bd32d4e7247a32d801b3d2d4f84a4e7384300378&apos;, time: &apos;2013-12-05 09:01:37&apos;
System info: host: &apos;NCI-S077260-L&apos;, ip: &apos;10.170.193.47&apos;, os.name: &apos;Windows 7&apos;, os.arch: &apos;amd64&apos;, os.version: &apos;6.1&apos;, java.version: &apos;1.6.0_43&apos;
Session ID: 6d0ff436-e80d-4214-b405-1e4ffc77beca
Driver info: org.openqa.selenium.firefox.FirefoxDriver
Capabilities [{platform=XP, acceptSslCerts=true, javascriptEnabled=true, browserName=firefox, rotatable=false, locationContextEnabled=true, version=31.0, cssSelectorsEnabled=true, databaseEnabled=true, handlesAlerts=true, nativeEvents=false, webStorageEnabled=true, applicationCacheEnabled=true, takesScreenshot=true}]
ERROR [main] (BaseTestMethods.java:403) - ERROR: Element is not currently visible and so may not be interacted with
Command duration or timeout: 18 milliseconds
Build info: version: &apos;2.38.0&apos;, revision: &apos;bd32d4e7247a32d801b3d2d4f84a4e7384300378&apos;, time: &apos;2013-12-05 09:01:37&apos;
System info: host: &apos;NCI-S077260-L&apos;, ip: &apos;10.170.193.47&apos;, os.name: &apos;Windows 7&apos;, os.arch: &apos;amd64&apos;, os.version: &apos;6.1&apos;, java.version: &apos;1.6.0_43&apos;
Session ID: 6d0ff436-e80d-4214-b405-1e4ffc77beca
Driver info: org.openqa.selenium.firefox.FirefoxDriver
Capabilities [{platform=XP, acceptSslCerts=true, javascriptEnabled=true, browserName=firefox, rotatable=false, locationContextEnabled=true, version=31.0, cssSelectorsEnabled=true, databaseEnabled=true, handlesAlerts=true, nativeEvents=false, webStorageEnabled=true, applicationCacheEnabled=true, takesScreenshot=true}]
ERROR [main] (BaseTestMethods.java:344) - ERROR: Unable to locate element: {&quot;method&quot;:&quot;css selector&quot;,&quot;selector&quot;:&quot;.invisibleTable&gt;tbody&gt;tr&gt;td&gt;a&gt;img&quot;}
Command duration or timeout: 50.10 seconds
For documentation on this error, please visit: http://seleniumhq.org/exceptions/no_such_element.html
Build info: version: &apos;2.38.0&apos;, revision: &apos;bd32d4e7247a32d801b3d2d4f84a4e7384300378&apos;, time: &apos;2013-12-05 09:01:37&apos;
System info: host: &apos;NCI-S077260-L&apos;, ip: &apos;10.170.193.47&apos;, os.name: &apos;Windows 7&apos;, os.arch: &apos;amd64&apos;, os.version: &apos;6.1&apos;, java.version: &apos;1.6.0_43&apos;
Session ID: 6d0ff436-e80d-4214-b405-1e4ffc77beca
Driver info: org.openqa.selenium.firefox.FirefoxDriver
Capabilities [{platform=XP, acceptSslCerts=true, javascriptEnabled=true, browserName=firefox, rotatable=false, locationContextEnabled=true, version=31.0, cssSelectorsEnabled=true, databaseEnabled=true, handlesAlerts=true, nativeEvents=false, webStorageEnabled=true, applicationCacheEnabled=true, takesScreenshot=true}]
ERROR [main] (BaseTestMethods.java:498) - ERROR: Cannot locate element with text: test sample 1
For documentation on this error, please visit: http://seleniumhq.org/exceptions/no_such_element.html
Build info: version: &apos;2.38.0&apos;, revision: &apos;bd32d4e7247a32d801b3d2d4f84a4e7384300378&apos;, time: &apos;2013-12-05 09:01:37&apos;
System info: host: &apos;NCI-S077260-L&apos;, ip: &apos;10.170.193.47&apos;, os.name: &apos;Windows 7&apos;, os.arch: &apos;amd64&apos;, os.version: &apos;6.1&apos;, java.version: &apos;1.6.0_43&apos;
Driver info: driver.version: unknown
ERROR [main] (BaseTestMethods.java:344) - ERROR: Element is not currently visible and so may not be interacted with
Command duration or timeout: 50.01 seconds
Build info: version: &apos;2.38.0&apos;, revision: &apos;bd32d4e7247a32d801b3d2d4f84a4e7384300378&apos;, time: &apos;2013-12-05 09:01:37&apos;
System info: host: &apos;NCI-S077260-L&apos;, ip: &apos;10.170.193.47&apos;, os.name: &apos;Windows 7&apos;, os.arch: &apos;amd64&apos;, os.version: &apos;6.1&apos;, java.version: &apos;1.6.0_43&apos;
Session ID: 6d0ff436-e80d-4214-b405-1e4ffc77beca
Driver info: org.openqa.selenium.firefox.FirefoxDriver
Capabilities [{platform=XP, acceptSslCerts=true, javascriptEnabled=true, browserName=firefox, rotatable=false, locationContextEnabled=true, version=31.0, cssSelectorsEnabled=true, databaseEnabled=true, handlesAlerts=true, nativeEvents=false, webStorageEnabled=true, applicationCacheEnabled=true, takesScreenshot=true}]
 INFO [main] (BaseNanoLabMethods.java:4343) - Access privilege Could not added to the Publication
ERROR [main] (BaseNanoLabMethods.java:4356) - Could not added Access User to the Publication successfully
ERROR [main] (BaseNanoLabMethods.java:4377) - System unbale to submit publication successfully
</system-out>
  </testcase>
  <testcase time="14.476" classname="gov.nih.nci.TestSuite" name="verifyHomePageWelcomeContent"/>
  <testcase time="152.334" classname="gov.nih.nci.TestSuite" name="verifyUserAbleToSubmitGenerateDataAvailabilityForAllSamplesSearch">
    <failure message="Generate data availability for all samples submit verification failed" type="java.lang.AssertionError">java.lang.AssertionError: Generate data availability for all samples submit verification failed
	at org.junit.Assert.fail(Assert.java:88)
	at gov.nih.nci.HelperMethods.BaseNanoLabMethods.verify_user_able_to_submit_generate_data_availability_for_all_samples_search(BaseNanoLabMethods.java:3136)
	at gov.nih.nci.TestSuite.verifyUserAbleToSubmitGenerateDataAvailabilityForAllSamplesSearch(TestSuite.java:2644)
	at sun.reflect.NativeMethodAccessorImpl.invoke0(Native Method)
	at sun.reflect.NativeMethodAccessorImpl.invoke(NativeMethodAccessorImpl.java:39)
	at sun.reflect.DelegatingMethodAccessorImpl.invoke(DelegatingMethodAccessorImpl.java:25)
	at java.lang.reflect.Method.invoke(Method.java:597)
	at org.junit.runners.model.FrameworkMethod$1.runReflectiveCall(FrameworkMethod.java:47)
	at org.junit.internal.runners.model.ReflectiveCallable.run(ReflectiveCallable.java:12)
	at org.junit.runners.model.FrameworkMethod.invokeExplosively(FrameworkMethod.java:44)
	at org.junit.internal.runners.statements.InvokeMethod.evaluate(InvokeMethod.java:17)
	at org.junit.internal.runners.statements.RunAfters.evaluate(RunAfters.java:27)
	at org.junit.runners.ParentRunner.runLeaf(ParentRunner.java:271)
	at org.junit.runners.BlockJUnit4ClassRunner.runChild(BlockJUnit4ClassRunner.java:70)
	at org.junit.runners.BlockJUnit4ClassRunner.runChild(BlockJUnit4ClassRunner.java:50)
	at org.junit.runners.ParentRunner$3.run(ParentRunner.java:238)
	at org.junit.runners.ParentRunner$1.schedule(ParentRunner.java:63)
	at org.junit.runners.ParentRunner.runChildren(ParentRunner.java:236)
	at org.junit.runners.ParentRunner.access$000(ParentRunner.java:53)
	at org.junit.runners.ParentRunner$2.evaluate(ParentRunner.java:229)
	at org.junit.runners.ParentRunner.run(ParentRunner.java:309)
	at org.apache.maven.surefire.junit4.JUnit4TestSet.execute(JUnit4TestSet.java:53)
	at org.apache.maven.surefire.junit4.JUnit4Provider.executeTestSet(JUnit4Provider.java:123)
	at org.apache.maven.surefire.junit4.JUnit4Provider.invoke(JUnit4Provider.java:104)
	at sun.reflect.NativeMethodAccessorImpl.invoke0(Native Method)
	at sun.reflect.NativeMethodAccessorImpl.invoke(NativeMethodAccessorImpl.java:39)
	at sun.reflect.DelegatingMethodAccessorImpl.invoke(DelegatingMethodAccessorImpl.java:25)
	at java.lang.reflect.Method.invoke(Method.java:597)
	at org.apache.maven.surefire.util.ReflectionUtils.invokeMethodWithArray(ReflectionUtils.java:164)
	at org.apache.maven.surefire.booter.ProviderFactory$ProviderProxy.invoke(ProviderFactory.java:110)
	at org.apache.maven.surefire.booter.SurefireStarter.invokeProvider(SurefireStarter.java:175)
	at org.apache.maven.surefire.booter.SurefireStarter.runSuitesInProcessWhenForked(SurefireStarter.java:107)
	at org.apache.maven.surefire.booter.ForkedBooter.main(ForkedBooter.java:68)
</failure>
    <system-out> INFO [main] (TestSuite.java:2636) - ---------------Begin Test case: 001_Verify_user_able_to_submit_generate_data_availability_for_all_samples_search--------------
 INFO [main] (BaseTestMethods.java:242) - INFO: By.selector: .subMenuPrimaryTitle is displayed
 INFO [main] (BaseTestMethods.java:228) - INFO: By.selector: .subMenuPrimaryTitle is enabled
 INFO [main] (BaseTestMethods.java:242) - INFO: By.linkText: HOME is displayed
 INFO [main] (BaseTestMethods.java:228) - INFO: By.linkText: HOME is enabled
 INFO [main] (BaseTestMethods.java:242) - INFO: By.linkText: PROTOCOLS is displayed
 INFO [main] (BaseTestMethods.java:228) - INFO: By.linkText: PROTOCOLS is enabled
 INFO [main] (BaseTestMethods.java:242) - INFO: By.linkText: SAMPLES is displayed
 INFO [main] (BaseTestMethods.java:228) - INFO: By.linkText: SAMPLES is enabled
 INFO [main] (BaseTestMethods.java:242) - INFO: By.linkText: PUBLICATIONS is displayed
 INFO [main] (BaseTestMethods.java:228) - INFO: By.linkText: PUBLICATIONS is enabled
 INFO [main] (BaseTestMethods.java:242) - INFO: By.linkText: MY WORKSPACE is displayed
 INFO [main] (BaseTestMethods.java:228) - INFO: By.linkText: MY WORKSPACE is enabled
 INFO [main] (BaseTestMethods.java:242) - INFO: By.linkText: HELP is displayed
 INFO [main] (BaseTestMethods.java:228) - INFO: By.linkText: HELP is enabled
 INFO [main] (BaseTestMethods.java:242) - INFO: By.linkText: GLOSSARY is displayed
 INFO [main] (BaseTestMethods.java:228) - INFO: By.linkText: GLOSSARY is enabled
 INFO [main] (BaseTestMethods.java:242) - INFO: By.linkText: CURATION is displayed
 INFO [main] (BaseTestMethods.java:228) - INFO: By.linkText: CURATION is enabled
 INFO [main] (BaseNanoLabMethods.java:1261) - URL verification successful for url - https://cananolab-qa.nci.nih.gov/caNanoLab/#/home
 INFO [main] (BaseNanoLabMethods.java:1110) - Page verification successful. Text Manage Curation found.
 INFO [main] (BaseNanoLabMethods.java:1110) - Page verification successful. Text CURATION LINKS found.
 INFO [main] (BaseTestMethods.java:242) - INFO: By.linkText: Manage Batch Data Availability is displayed
 INFO [main] (BaseTestMethods.java:228) - INFO: By.linkText: Manage Batch Data Availability is enabled
ERROR [main] (BaseNanoLabMethods.java:3131) - Generate data availability for all samples verification failed
</system-out>
  </testcase>
  <testcase time="13.636" classname="gov.nih.nci.TestSuite" name="verifyResetOptionInUserRegistrationPage">
    <failure message="Required fields verification failed" type="java.lang.AssertionError">java.lang.AssertionError: Required fields verification failed
	at org.junit.Assert.fail(Assert.java:88)
	at gov.nih.nci.HelperMethods.BaseNanoLabMethods.userRegistration(BaseNanoLabMethods.java:1138)
	at gov.nih.nci.TestSuite.verifyResetOptionInUserRegistrationPage(TestSuite.java:454)
	at sun.reflect.NativeMethodAccessorImpl.invoke0(Native Method)
	at sun.reflect.NativeMethodAccessorImpl.invoke(NativeMethodAccessorImpl.java:39)
	at sun.reflect.DelegatingMethodAccessorImpl.invoke(DelegatingMethodAccessorImpl.java:25)
	at java.lang.reflect.Method.invoke(Method.java:597)
	at org.junit.runners.model.FrameworkMethod$1.runReflectiveCall(FrameworkMethod.java:47)
	at org.junit.internal.runners.model.ReflectiveCallable.run(ReflectiveCallable.java:12)
	at org.junit.runners.model.FrameworkMethod.invokeExplosively(FrameworkMethod.java:44)
	at org.junit.internal.runners.statements.InvokeMethod.evaluate(InvokeMethod.java:17)
	at org.junit.internal.runners.statements.RunAfters.evaluate(RunAfters.java:27)
	at org.junit.runners.ParentRunner.runLeaf(ParentRunner.java:271)
	at org.junit.runners.BlockJUnit4ClassRunner.runChild(BlockJUnit4ClassRunner.java:70)
	at org.junit.runners.BlockJUnit4ClassRunner.runChild(BlockJUnit4ClassRunner.java:50)
	at org.junit.runners.ParentRunner$3.run(ParentRunner.java:238)
	at org.junit.runners.ParentRunner$1.schedule(ParentRunner.java:63)
	at org.junit.runners.ParentRunner.runChildren(ParentRunner.java:236)
	at org.junit.runners.ParentRunner.access$000(ParentRunner.java:53)
	at org.junit.runners.ParentRunner$2.evaluate(ParentRunner.java:229)
	at org.junit.runners.ParentRunner.run(ParentRunner.java:309)
	at org.apache.maven.surefire.junit4.JUnit4TestSet.execute(JUnit4TestSet.java:53)
	at org.apache.maven.surefire.junit4.JUnit4Provider.executeTestSet(JUnit4Provider.java:123)
	at org.apache.maven.surefire.junit4.JUnit4Provider.invoke(JUnit4Provider.java:104)
	at sun.reflect.NativeMethodAccessorImpl.invoke0(Native Method)
	at sun.reflect.NativeMethodAccessorImpl.invoke(NativeMethodAccessorImpl.java:39)
	at sun.reflect.DelegatingMethodAccessorImpl.invoke(DelegatingMethodAccessorImpl.java:25)
	at java.lang.reflect.Method.invoke(Method.java:597)
	at org.apache.maven.surefire.util.ReflectionUtils.invokeMethodWithArray(ReflectionUtils.java:164)
	at org.apache.maven.surefire.booter.ProviderFactory$ProviderProxy.invoke(ProviderFactory.java:110)
	at org.apache.maven.surefire.booter.SurefireStarter.invokeProvider(SurefireStarter.java:175)
	at org.apache.maven.surefire.booter.SurefireStarter.runSuitesInProcessWhenForked(SurefireStarter.java:107)
	at org.apache.maven.surefire.booter.ForkedBooter.main(ForkedBooter.java:68)
</failure>
    <system-out> INFO [main] (TestSuite.java:451) - ---------------Begin Test case: 012_Verify_Reset_user_registration_Fields--------------
ERROR [main] (BaseTestMethods.java:344) - ERROR: Unable to locate element: {&quot;method&quot;:&quot;css selector&quot;,&quot;selector&quot;:&quot;button[type=submit]&quot;}
Command duration or timeout: 9 milliseconds
For documentation on this error, please visit: http://seleniumhq.org/exceptions/no_such_element.html
Build info: version: &apos;2.38.0&apos;, revision: &apos;bd32d4e7247a32d801b3d2d4f84a4e7384300378&apos;, time: &apos;2013-12-05 09:01:37&apos;
System info: host: &apos;NCI-S077260-L&apos;, ip: &apos;10.170.193.47&apos;, os.name: &apos;Windows 7&apos;, os.arch: &apos;amd64&apos;, os.version: &apos;6.1&apos;, java.version: &apos;1.6.0_43&apos;
Session ID: 59017b62-c134-4aec-ad09-d2c18ed617f5
Driver info: org.openqa.selenium.firefox.FirefoxDriver
Capabilities [{platform=XP, acceptSslCerts=true, javascriptEnabled=true, browserName=firefox, rotatable=false, locationContextEnabled=true, version=31.0, cssSelectorsEnabled=true, databaseEnabled=true, handlesAlerts=true, nativeEvents=false, webStorageEnabled=true, applicationCacheEnabled=true, takesScreenshot=true}]
ERROR [main] (BaseNanoLabMethods.java:1133) - Required fields verification failed
</system-out>
  </testcase>
  <testcase time="25.055" classname="gov.nih.nci.TestSuite" name="verifyAdditionalNCILinks_1">
    <failure message="page verification failed" type="java.lang.AssertionError">java.lang.AssertionError: page verification failed
	at org.junit.Assert.fail(Assert.java:88)
	at gov.nih.nci.HelperMethods.BaseNanoLabMethods.verifyUrl(BaseNanoLabMethods.java:1258)
	at gov.nih.nci.TestSuite.verifyAdditionalNCILinks_1(TestSuite.java:526)
	at sun.reflect.NativeMethodAccessorImpl.invoke0(Native Method)
	at sun.reflect.NativeMethodAccessorImpl.invoke(NativeMethodAccessorImpl.java:39)
	at sun.reflect.DelegatingMethodAccessorImpl.invoke(DelegatingMethodAccessorImpl.java:25)
	at java.lang.reflect.Method.invoke(Method.java:597)
	at org.junit.runners.model.FrameworkMethod$1.runReflectiveCall(FrameworkMethod.java:47)
	at org.junit.internal.runners.model.ReflectiveCallable.run(ReflectiveCallable.java:12)
	at org.junit.runners.model.FrameworkMethod.invokeExplosively(FrameworkMethod.java:44)
	at org.junit.internal.runners.statements.InvokeMethod.evaluate(InvokeMethod.java:17)
	at org.junit.internal.runners.statements.RunAfters.evaluate(RunAfters.java:27)
	at org.junit.runners.ParentRunner.runLeaf(ParentRunner.java:271)
	at org.junit.runners.BlockJUnit4ClassRunner.runChild(BlockJUnit4ClassRunner.java:70)
	at org.junit.runners.BlockJUnit4ClassRunner.runChild(BlockJUnit4ClassRunner.java:50)
	at org.junit.runners.ParentRunner$3.run(ParentRunner.java:238)
	at org.junit.runners.ParentRunner$1.schedule(ParentRunner.java:63)
	at org.junit.runners.ParentRunner.runChildren(ParentRunner.java:236)
	at org.junit.runners.ParentRunner.access$000(ParentRunner.java:53)
	at org.junit.runners.ParentRunner$2.evaluate(ParentRunner.java:229)
	at org.junit.runners.ParentRunner.run(ParentRunner.java:309)
	at org.apache.maven.surefire.junit4.JUnit4TestSet.execute(JUnit4TestSet.java:53)
	at org.apache.maven.surefire.junit4.JUnit4Provider.executeTestSet(JUnit4Provider.java:123)
	at org.apache.maven.surefire.junit4.JUnit4Provider.invoke(JUnit4Provider.java:104)
	at sun.reflect.NativeMethodAccessorImpl.invoke0(Native Method)
	at sun.reflect.NativeMethodAccessorImpl.invoke(NativeMethodAccessorImpl.java:39)
	at sun.reflect.DelegatingMethodAccessorImpl.invoke(DelegatingMethodAccessorImpl.java:25)
	at java.lang.reflect.Method.invoke(Method.java:597)
	at org.apache.maven.surefire.util.ReflectionUtils.invokeMethodWithArray(ReflectionUtils.java:164)
	at org.apache.maven.surefire.booter.ProviderFactory$ProviderProxy.invoke(ProviderFactory.java:110)
	at org.apache.maven.surefire.booter.SurefireStarter.invokeProvider(SurefireStarter.java:175)
	at org.apache.maven.surefire.booter.SurefireStarter.runSuitesInProcessWhenForked(SurefireStarter.java:107)
	at org.apache.maven.surefire.booter.ForkedBooter.main(ForkedBooter.java:68)
</failure>
    <system-out> INFO [main] (TestSuite.java:521) - ---------------Begin Test case: 006_Verify_additional_nci_links_to_quick_links_section_1--------------
 INFO [main] (BaseNanoLabMethods.java:1291) - Page verification successful. Found - caNanoLab Wiki Home Page
ERROR [main] (BaseTestMethods.java:182) - ERROR: expected:&lt;...nolab+wiki+home+page[]&gt; but was:&lt;...nolab+wiki+home+page[;jsessionid=36b123552e63f8c90de8c92f2be3ce3d]&gt;
ERROR [main] (BaseNanoLabMethods.java:1253) - URL verification failed for url - https://wiki.nci.nih.gov/display/caNanoLab/caNanoLab+Wiki+Home+Page. Found - https://wiki.nci.nih.gov/display/caNanoLab/caNanoLab+Wiki+Home+Page;jsessionid=36B123552E63F8C90DE8C92F2BE3CE3D
</system-out>
  </testcase>
  <testcase time="21.794" classname="gov.nih.nci.TestSuite" name="verifyAdditionalNCILinks_2"/>
  <testcase time="20.132" classname="gov.nih.nci.TestSuite" name="verifyAdditionalNCILinks_3"/>
  <testcase time="21.055" classname="gov.nih.nci.TestSuite" name="verifyAdditionalNCILinks_4"/>
  <testcase time="20.246" classname="gov.nih.nci.TestSuite" name="verifyAdditionalNCILinks_5"/>
  <testcase time="22.529" classname="gov.nih.nci.TestSuite" name="verifyAdditionalNCILinks_6"/>
  <testcase time="23.345" classname="gov.nih.nci.TestSuite" name="verifyAdditionalNCILinks_7"/>
  <testcase time="21.999" classname="gov.nih.nci.TestSuite" name="verifyAdditionalNCILinks_8"/>
  <testcase time="22.679" classname="gov.nih.nci.TestSuite" name="verifyWhatsNewSectionContent_downloadLink"/>
  <testcase time="30.658" classname="gov.nih.nci.TestSuite" name="verifyManageCurationPageTitleExists"/>
  <testcase time="88.323" classname="gov.nih.nci.TestSuite" name="verifyResearcherUserCanEditSamplesFromMyWorkspacePage"/>
  <testcase time="32.421" classname="gov.nih.nci.TestSuite" name="ensureStrutsHasBeenRemovedFromPublicationSearchPage"/>
[...]
System info: host: &apos;NCI-S077260-L&apos;, ip: &apos;10.170.193.47&apos;, os.name: &apos;Windows 7&apos;, os.arch: &apos;amd64&apos;, os.version: &apos;6.1&apos;, java.version: &apos;1.6.0_43&apos;
Session ID: 9d741d47-1dcc-449c-8944-583de2b6db83
Driver info: org.openqa.selenium.firefox.FirefoxDriver
Capabilities [{platform=XP, acceptSslCerts=true, javascriptEnabled=true, browserName=firefox, rotatable=false, locationContextEnabled=true, version=31.0, cssSelectorsEnabled=true, databaseEnabled=true, handlesAlerts=true, nativeEvents=false, webStorageEnabled=true, applicationCacheEnabled=true, takesScreenshot=true}]
ERROR [main] (BaseTestMethods.java:344) - ERROR: Unable to locate element: {&quot;method&quot;:&quot;css selector&quot;,&quot;selector&quot;:&quot;.invisibleTable&gt;tbody&gt;tr&gt;td&gt;input[type=&apos;submit&apos;]&quot;}
Command duration or timeout: 8 milliseconds
For documentation on this error, please visit: http://seleniumhq.org/exceptions/no_such_element.html
Build info: version: &apos;2.38.0&apos;, revision: &apos;bd32d4e7247a32d801b3d2d4f84a4e7384300378&apos;, time: &apos;2013-12-05 09:01:37&apos;
System info: host: &apos;NCI-S077260-L&apos;, ip: &apos;10.170.193.47&apos;, os.name: &apos;Windows 7&apos;, os.arch: &apos;amd64&apos;, os.version: &apos;6.1&apos;, java.version: &apos;1.6.0_43&apos;
Session ID: 9d741d47-1dcc-449c-8944-583de2b6db83
Driver info: org.openqa.selenium.firefox.FirefoxDriver
Capabilities [{platform=XP, acceptSslCerts=true, javascriptEnabled=true, browserName=firefox, rotatable=false, locationContextEnabled=true, version=31.0, cssSelectorsEnabled=true, databaseEnabled=true, handlesAlerts=true, nativeEvents=false, webStorageEnabled=true, applicationCacheEnabled=true, takesScreenshot=true}]
ERROR [main] (BaseTestMethods.java:191) - ERROR: found - Manage Samples. expected - Sample Search Results
ERROR [main] (BaseNanoLabMethods.java:976) - sample search results verification failed
</system-out>
  </testcase>
  <testcase time="30.831" classname="gov.nih.nci.TestSuite" name="ensureStrutsHasBeenRemovedFromPublicationSubmissionPage">
    <failure message="page verification failed" type="java.lang.AssertionError">java.lang.AssertionError: page verification failed
	at org.junit.Assert.fail(Assert.java:88)
	at gov.nih.nci.HelperMethods.BaseNanoLabMethods.verifyUrl(BaseNanoLabMethods.java:1258)
	at gov.nih.nci.TestSuite.ensureStrutsHasBeenRemovedFromPublicationSubmissionPage(TestSuite.java:3246)
	at sun.reflect.NativeMethodAccessorImpl.invoke0(Native Method)
	at sun.reflect.NativeMethodAccessorImpl.invoke(NativeMethodAccessorImpl.java:39)
	at sun.reflect.DelegatingMethodAccessorImpl.invoke(DelegatingMethodAccessorImpl.java:25)
	at java.lang.reflect.Method.invoke(Method.java:597)
	at org.junit.runners.model.FrameworkMethod$1.runReflectiveCall(FrameworkMethod.java:47)
	at org.junit.internal.runners.model.ReflectiveCallable.run(ReflectiveCallable.java:12)
	at org.junit.runners.model.FrameworkMethod.invokeExplosively(FrameworkMethod.java:44)
	at org.junit.internal.runners.statements.InvokeMethod.evaluate(InvokeMethod.java:17)
	at org.junit.internal.runners.statements.RunAfters.evaluate(RunAfters.java:27)
	at org.junit.runners.ParentRunner.runLeaf(ParentRunner.java:271)
	at org.junit.runners.BlockJUnit4ClassRunner.runChild(BlockJUnit4ClassRunner.java:70)
	at org.junit.runners.BlockJUnit4ClassRunner.runChild(BlockJUnit4ClassRunner.java:50)
	at org.junit.runners.ParentRunner$3.run(ParentRunner.java:238)
	at org.junit.runners.ParentRunner$1.schedule(ParentRunner.java:63)
	at org.junit.runners.ParentRunner.runChildren(ParentRunner.java:236)
	at org.junit.runners.ParentRunner.access$000(ParentRunner.java:53)
	at org.junit.runners.ParentRunner$2.evaluate(ParentRunner.java:229)
	at org.junit.runners.ParentRunner.run(ParentRunner.java:309)
	at org.apache.maven.surefire.junit4.JUnit4TestSet.execute(JUnit4TestSet.java:53)
	at org.apache.maven.surefire.junit4.JUnit4Provider.executeTestSet(JUnit4Provider.java:123)
	at org.apache.maven.surefire.junit4.JUnit4Provider.invoke(JUnit4Provider.java:104)
	at sun.reflect.NativeMethodAccessorImpl.invoke0(Native Method)
	at sun.reflect.NativeMethodAccessorImpl.invoke(NativeMethodAccessorImpl.java:39)
	at sun.reflect.DelegatingMethodAccessorImpl.invoke(DelegatingMethodAccessorImpl.java:25)
	at java.lang.reflect.Method.invoke(Method.java:597)
	at org.apache.maven.surefire.util.ReflectionUtils.invokeMethodWithArray(ReflectionUtils.java:164)
	at org.apache.maven.surefire.booter.ProviderFactory$ProviderProxy.invoke(ProviderFactory.java:110)
	at org.apache.maven.surefire.booter.SurefireStarter.invokeProvider(SurefireStarter.java:175)
	at org.apache.maven.surefire.booter.SurefireStarter.runSuitesInProcessWhenForked(SurefireStarter.java:107)
	at org.apache.maven.surefire.booter.ForkedBooter.main(ForkedBooter.java:68)
</failure>
    <system-out> INFO [main] (TestSuite.java:3236) - ---------------Begin Test case: 001_Ensure Struts has been removed from Publication Submission Page--------------
 INFO [main] (BaseTestMethods.java:242) - INFO: By.selector: .subMenuPrimaryTitle is displayed
 INFO [main] (BaseTestMethods.java:228) - INFO: By.selector: .subMenuPrimaryTitle is enabled
 INFO [main] (BaseTestMethods.java:242) - INFO: By.linkText: HOME is displayed
 INFO [main] (BaseTestMethods.java:228) - INFO: By.linkText: HOME is enabled
 INFO [main] (BaseTestMethods.java:242) - INFO: By.linkText: PROTOCOLS is displayed
 INFO [main] (BaseTestMethods.java:228) - INFO: By.linkText: PROTOCOLS is enabled
 INFO [main] (BaseTestMethods.java:242) - INFO: By.linkText: SAMPLES is displayed
 INFO [main] (BaseTestMethods.java:228) - INFO: By.linkText: SAMPLES is enabled
 INFO [main] (BaseTestMethods.java:242) - INFO: By.linkText: PUBLICATIONS is displayed
 INFO [main] (BaseTestMethods.java:228) - INFO: By.linkText: PUBLICATIONS is enabled
 INFO [main] (BaseTestMethods.java:242) - INFO: By.linkText: MY WORKSPACE is displayed
 INFO [main] (BaseTestMethods.java:228) - INFO: By.linkText: MY WORKSPACE is enabled
 INFO [main] (BaseTestMethods.java:242) - INFO: By.linkText: HELP is displayed
 INFO [main] (BaseTestMethods.java:228) - INFO: By.linkText: HELP is enabled
 INFO [main] (BaseTestMethods.java:242) - INFO: By.linkText: GLOSSARY is displayed
 INFO [main] (BaseTestMethods.java:228) - INFO: By.linkText: GLOSSARY is enabled
 INFO [main] (BaseTestMethods.java:242) - INFO: By.linkText: CURATION is displayed
 INFO [main] (BaseTestMethods.java:228) - INFO: By.linkText: CURATION is enabled
 INFO [main] (BaseNanoLabMethods.java:1261) - URL verification successful for url - https://cananolab-qa.nci.nih.gov/caNanoLab/#/home
ERROR [main] (BaseTestMethods.java:182) - ERROR: expected:&lt;...ih.gov/cananolab/#/s[earch]publication&gt; but was:&lt;...ih.gov/cananolab/#/s[ubmit]publication&gt;
ERROR [main] (BaseNanoLabMethods.java:1253) - URL verification failed for url - https://cananolab-qa.nci.nih.gov/caNanoLab/#/searchPublication. Found - https://cananolab-qa.nci.nih.gov/caNanoLab/#/submitPublication
</system-out>
  </testcase>
  <testcase time="19.256" classname="gov.nih.nci.TestSuite" name="verifyBrowseCaNanoLabSectionContent"/>
  <testcase time="32.249" classname="gov.nih.nci.TestSuite" name="ensureStrutsHasBeenRemovedFromSubmitANewProtocolpage"/>
  <testcase time="186.759" classname="gov.nih.nci.TestSuite" name="verifyCuratorUserCanViewMyProtocolsFromMyWorkspacePage">
    <failure message="Protocols View verification failed" type="java.lang.AssertionError">java.lang.AssertionError: Protocols View verification failed
	at org.junit.Assert.fail(Assert.java:88)
	at gov.nih.nci.HelperMethods.BaseNanoLabMethods.Verify_Curator_User_can_View_My_Protocols_from_My_Workspace_page(BaseNanoLabMethods.java:3603)
	at gov.nih.nci.TestSuite.verifyCuratorUserCanViewMyProtocolsFromMyWorkspacePage(TestSuite.java:2931)
	at sun.reflect.NativeMethodAccessorImpl.invoke0(Native Method)
	at sun.reflect.NativeMethodAccessorImpl.invoke(NativeMethodAccessorImpl.java:39)
	at sun.reflect.DelegatingMethodAccessorImpl.invoke(DelegatingMethodAccessorImpl.java:25)
	at java.lang.reflect.Method.invoke(Method.java:597)
	at org.junit.runners.model.FrameworkMethod$1.runReflectiveCall(FrameworkMethod.java:47)
	at org.junit.internal.runners.model.ReflectiveCallable.run(ReflectiveCallable.java:12)
	at org.junit.runners.model.FrameworkMethod.invokeExplosively(FrameworkMethod.java:44)
	at org.junit.internal.runners.statements.InvokeMethod.evaluate(InvokeMethod.java:17)
	at org.junit.internal.runners.statements.RunAfters.evaluate(RunAfters.java:27)
	at org.junit.runners.ParentRunner.runLeaf(ParentRunner.java:271)
	at org.junit.runners.BlockJUnit4ClassRunner.runChild(BlockJUnit4ClassRunner.java:70)
	at org.junit.runners.BlockJUnit4ClassRunner.runChild(BlockJUnit4ClassRunner.java:50)
	at org.junit.runners.ParentRunner$3.run(ParentRunner.java:238)
	at org.junit.runners.ParentRunner$1.schedule(ParentRunner.java:63)
	at org.junit.runners.ParentRunner.runChildren(ParentRunner.java:236)
	at org.junit.runners.ParentRunner.access$000(ParentRunner.java:53)
	at org.junit.runners.ParentRunner$2.evaluate(ParentRunner.java:229)
	at org.junit.runners.ParentRunner.run(ParentRunner.java:309)
	at org.apache.maven.surefire.junit4.JUnit4TestSet.execute(JUnit4TestSet.java:53)
	at org.apache.maven.surefire.junit4.JUnit4Provider.executeTestSet(JUnit4Provider.java:123)
	at org.apache.maven.surefire.junit4.JUnit4Provider.invoke(JUnit4Provider.java:104)
	at sun.reflect.NativeMethodAccessorImpl.invoke0(Native Method)
	at sun.reflect.NativeMethodAccessorImpl.invoke(NativeMethodAccessorImpl.java:39)
	at sun.reflect.DelegatingMethodAccessorImpl.invoke(DelegatingMethodAccessorImpl.java:25)
	at java.lang.reflect.Method.invoke(Method.java:597)
	at org.apache.maven.surefire.util.ReflectionUtils.invokeMethodWithArray(ReflectionUtils.java:164)
	at org.apache.maven.surefire.booter.ProviderFactory$ProviderProxy.invoke(ProviderFactory.java:110)
	at org.apache.maven.surefire.booter.SurefireStarter.invokeProvider(SurefireStarter.java:175)
	at org.apache.maven.surefire.booter.SurefireStarter.runSuitesInProcessWhenForked(SurefireStarter.java:107)
	at org.apache.maven.surefire.booter.ForkedBooter.main(ForkedBooter.java:68)
</failure>
    <system-out> INFO [main] (TestSuite.java:2923) - ---------------Begin Test case: 010_Verify_Curator_User_can_View_My_Protocols_from_My_Workspace_page--------------
 INFO [main] (BaseTestMethods.java:242) - INFO: By.selector: .subMenuPrimaryTitle is displayed
 INFO [main] (BaseTestMethods.java:228) - INFO: By.selector: .subMenuPrimaryTitle is enabled
 INFO [main] (BaseTestMethods.java:242) - INFO: By.linkText: HOME is displayed
 INFO [main] (BaseTestMethods.java:228) - INFO: By.linkText: HOME is enabled
 INFO [main] (BaseTestMethods.java:242) - INFO: By.linkText: PROTOCOLS is displayed
 INFO [main] (BaseTestMethods.java:228) - INFO: By.linkText: PROTOCOLS is enabled
 INFO [main] (BaseTestMethods.java:242) - INFO: By.linkText: SAMPLES is displayed
 INFO [main] (BaseTestMethods.java:228) - INFO: By.linkText: SAMPLES is enabled
 INFO [main] (BaseTestMethods.java:242) - INFO: By.linkText: PUBLICATIONS is displayed
 INFO [main] (BaseTestMethods.java:228) - INFO: By.linkText: PUBLICATIONS is enabled
 INFO [main] (BaseTestMethods.java:242) - INFO: By.linkText: MY WORKSPACE is displayed
 INFO [main] (BaseTestMethods.java:228) - INFO: By.linkText: MY WORKSPACE is enabled
 INFO [main] (BaseTestMethods.java:242) - INFO: By.linkText: HELP is displayed
 INFO [main] (BaseTestMethods.java:228) - INFO: By.linkText: HELP is enabled
 INFO [main] (BaseTestMethods.java:242) - INFO: By.linkText: GLOSSARY is displayed
 INFO [main] (BaseTestMethods.java:228) - INFO: By.linkText: GLOSSARY is enabled
 INFO [main] (BaseTestMethods.java:242) - INFO: By.linkText: MY WORKSPACE is displayed
 INFO [main] (BaseTestMethods.java:228) - INFO: By.linkText: MY WORKSPACE is enabled
 INFO [main] (BaseNanoLabMethods.java:1261) - URL verification successful for url - https://cananolab-qa.nci.nih.gov/caNanoLab/#/home
 INFO [main] (BaseNanoLabMethods.java:1110) - Page verification successful. Text My Workspace found.
ERROR [main] (BaseTestMethods.java:344) - ERROR: Unable to locate element: {&quot;method&quot;:&quot;xpath&quot;,&quot;selector&quot;:&quot;(//a[contains(text(),&apos;View&apos;)])[3]&quot;}
Command duration or timeout: 30.04 seconds
For documentation on this error, please visit: http://seleniumhq.org/exceptions/no_such_element.html
Build info: version: &apos;2.38.0&apos;, revision: &apos;bd32d4e7247a32d801b3d2d4f84a4e7384300378&apos;, time: &apos;2013-12-05 09:01:37&apos;
System info: host: &apos;NCI-S077260-L&apos;, ip: &apos;10.170.193.47&apos;, os.name: &apos;Windows 7&apos;, os.arch: &apos;amd64&apos;, os.version: &apos;6.1&apos;, java.version: &apos;1.6.0_43&apos;
Session ID: dce02e23-60da-4d7b-bcfb-0faaf18756fa
Driver info: org.openqa.selenium.firefox.FirefoxDriver
Capabilities [{platform=XP, acceptSslCerts=true, javascriptEnabled=true, browserName=firefox, rotatable=false, locationContextEnabled=true, version=31.0, cssSelectorsEnabled=true, databaseEnabled=true, handlesAlerts=true, nativeEvents=false, webStorageEnabled=true, applicationCacheEnabled=true, takesScreenshot=true}]
ERROR [main] (BaseNanoLabMethods.java:3598) - Protocols View failed
</system-out>
  </testcase>
  <testcase time="22.886" classname="gov.nih.nci.TestSuite" name="verifyPublicationSearchByCompositionNanomaterialEntity_1"/>
  <testcase time="81.395" classname="gov.nih.nci.TestSuite" name="verifyPublicationSearchByCompositionNanomaterialEntity_2"/>
  <testcase time="74.783" classname="gov.nih.nci.TestSuite" name="verifyPublicationSearchByCompositionNanomaterialEntity_3"/>
  <testcase time="21.817" classname="gov.nih.nci.TestSuite" name="verifyPublicationSearchByCompositionNanomaterialEntity_4"/>
  <testcase time="152.228" classname="gov.nih.nci.TestSuite" name="verifySampleSearchByPublicationPubMedIDasaCurator"/>
  <testcase time="14.906" classname="gov.nih.nci.TestSuite" name="SamplesEqualsSearchBySampleName"/>
  <testcase time="32.491" classname="gov.nih.nci.TestSuite" name="ensureStrutsHasBeenRemovedFromSearchExistingProtocolsPage"/>
  <testcase time="20.954" classname="gov.nih.nci.TestSuite" name="SamplesSearchByKeyword"/>
  <testcase time="30.776" classname="gov.nih.nci.TestSuite" name="ensureStrutsHasBeenRemovedFromManageBatchDataAvailabilityPage"/>
  <testcase time="22.237" classname="gov.nih.nci.TestSuite" name="VerifyPublicationContainsSearchbyPublicationTitle"/>
  <testcase time="25.123" classname="gov.nih.nci.TestSuite" name="invalidUserNameTest"/>
  <testcase time="32.786" classname="gov.nih.nci.TestSuite" name="verifyCuratorShouldBeAbleToReviewPendingData">
    <failure message="page verification failed" type="java.lang.AssertionError">java.lang.AssertionError: page verification failed
	at org.junit.Assert.fail(Assert.java:88)
	at gov.nih.nci.HelperMethods.BaseNanoLabMethods.verifyPage(BaseNanoLabMethods.java:1107)
	at gov.nih.nci.TestSuite.verifyCuratorShouldBeAbleToReviewPendingData(TestSuite.java:2425)
	at sun.reflect.NativeMethodAccessorImpl.invoke0(Native Method)
	at sun.reflect.NativeMethodAccessorImpl.invoke(NativeMethodAccessorImpl.java:39)
	at sun.reflect.DelegatingMethodAccessorImpl.invoke(DelegatingMethodAccessorImpl.java:25)
	at java.lang.reflect.Method.invoke(Method.java:597)
	at org.junit.runners.model.FrameworkMethod$1.runReflectiveCall(FrameworkMethod.java:47)
	at org.junit.internal.runners.model.ReflectiveCallable.run(ReflectiveCallable.java:12)
	at org.junit.runners.model.FrameworkMethod.invokeExplosively(FrameworkMethod.java:44)
	at org.junit.internal.runners.statements.InvokeMethod.evaluate(InvokeMethod.java:17)
	at org.junit.internal.runners.statements.RunAfters.evaluate(RunAfters.java:27)
	at org.junit.runners.ParentRunner.runLeaf(ParentRunner.java:271)
	at org.junit.runners.BlockJUnit4ClassRunner.runChild(BlockJUnit4ClassRunner.java:70)
	at org.junit.runners.BlockJUnit4ClassRunner.runChild(BlockJUnit4ClassRunner.java:50)
	at org.junit.runners.ParentRunner$3.run(ParentRunner.java:238)
	at org.junit.runners.ParentRunner$1.schedule(ParentRunner.java:63)
	at org.junit.runners.ParentRunner.runChildren(ParentRunner.java:236)
	at org.junit.runners.ParentRunner.access$000(ParentRunner.java:53)
	at org.junit.runners.ParentRunner$2.evaluate(ParentRunner.java:229)
	at org.junit.runners.ParentRunner.run(ParentRunner.java:309)
	at org.apache.maven.surefire.junit4.JUnit4TestSet.execute(JUnit4TestSet.java:53)
	at org.apache.maven.surefire.junit4.JUnit4Provider.executeTestSet(JUnit4Provider.java:123)
	at org.apache.maven.surefire.junit4.JUnit4Provider.invoke(JUnit4Provider.java:104)
	at sun.reflect.NativeMethodAccessorImpl.invoke0(Native Method)
	at sun.reflect.NativeMethodAccessorImpl.invoke(NativeMethodAccessorImpl.java:39)
	at sun.reflect.DelegatingMethodAccessorImpl.invoke(DelegatingMethodAccessorImpl.java:25)
	at java.lang.reflect.Method.invoke(Method.java:597)
	at org.apache.maven.surefire.util.ReflectionUtils.invokeMethodWithArray(ReflectionUtils.java:164)
	at org.apache.maven.surefire.booter.ProviderFactory$ProviderProxy.invoke(ProviderFactory.java:110)
	at org.apache.maven.surefire.booter.SurefireStarter.invokeProvider(SurefireStarter.java:175)
	at org.apache.maven.surefire.booter.SurefireStarter.runSuitesInProcessWhenForked(SurefireStarter.java:107)
	at org.apache.maven.surefire.booter.ForkedBooter.main(ForkedBooter.java:68)
</failure>
    <system-out> INFO [main] (TestSuite.java:2412) - ---------------Begin Test case: 001_Verify_Curator_should_be_able_to_review_pending_data--------------
 INFO [main] (BaseTestMethods.java:242) - INFO: By.selector: .subMenuPrimaryTitle is displayed
 INFO [main] (BaseTestMethods.java:228) - INFO: By.selector: .subMenuPrimaryTitle is enabled
 INFO [main] (BaseTestMethods.java:242) - INFO: By.linkText: HOME is displayed
 INFO [main] (BaseTestMethods.java:228) - INFO: By.linkText: HOME is enabled
 INFO [main] (BaseTestMethods.java:242) - INFO: By.linkText: PROTOCOLS is displayed
 INFO [main] (BaseTestMethods.java:228) - INFO: By.linkText: PROTOCOLS is enabled
 INFO [main] (BaseTestMethods.java:242) - INFO: By.linkText: SAMPLES is displayed
 INFO [main] (BaseTestMethods.java:228) - INFO: By.linkText: SAMPLES is enabled
 INFO [main] (BaseTestMethods.java:242) - INFO: By.linkText: PUBLICATIONS is displayed
 INFO [main] (BaseTestMethods.java:228) - INFO: By.linkText: PUBLICATIONS is enabled
 INFO [main] (BaseTestMethods.java:242) - INFO: By.linkText: MY WORKSPACE is displayed
 INFO [main] (BaseTestMethods.java:228) - INFO: By.linkText: MY WORKSPACE is enabled
 INFO [main] (BaseTestMethods.java:242) - INFO: By.linkText: HELP is displayed
 INFO [main] (BaseTestMethods.java:228) - INFO: By.linkText: HELP is enabled
 INFO [main] (BaseTestMethods.java:242) - INFO: By.linkText: GLOSSARY is displayed
 INFO [main] (BaseTestMethods.java:228) - INFO: By.linkText: GLOSSARY is enabled
 INFO [main] (BaseTestMethods.java:242) - INFO: By.linkText: CURATION is displayed
 INFO [main] (BaseTestMethods.java:228) - INFO: By.linkText: CURATION is enabled
 INFO [main] (BaseNanoLabMethods.java:1261) - URL verification successful for url - https://cananolab-qa.nci.nih.gov/caNanoLab/#/home
 INFO [main] (BaseNanoLabMethods.java:1110) - Page verification successful. Text Review By Curator found.
 INFO [main] (BaseNanoLabMethods.java:3091) - Pending review data table displyed successfully along with Data Type and Data Name
ERROR [main] (BaseTestMethods.java:182) - ERROR: expected:&lt;update [sample]&gt; but was:&lt;update [protocol]&gt;
ERROR [main] (BaseNanoLabMethods.java:1102) - Page verification failed. Found - Update Protocol. Expected text - Update Sample
</system-out>
  </testcase>
  <testcase time="21.722" classname="gov.nih.nci.TestSuite" name="verifyPublicationSearchBySampleNameContains"/>
</testsuite>