<?xml version="1.0" encoding="UTF-8" ?>
<testsuite errors="2" failures="0" hostname="ncias-q1615-v" name="gov.nih.nci.CSO" tests="1" time="53.945" timestamp="2017-08-04T17:55:38">
  <properties>
[...]
</properties>
  <testcase classname="gov.nih.nci.CSO" name="ICRP_Validate_CSO" time="53.456">
    <error type="java.lang.NullPointerException">java.lang.NullPointerException
	at gov.nih.nci.HelperMethods.BaseTestMethods.setupAfterSuite(BaseTestMethods.java:145)
	at gov.nih.nci.CSO.ICRP_Validate_CSO(CSO.java:126)
</error>
    <error type="java.lang.NullPointerException">java.lang.NullPointerException
	at gov.nih.nci.HelperMethods.BaseTestMethods.shutdown(BaseTestMethods.java:168)
	at gov.nih.nci.CSO.tearDown(CSO.java:135)
</error>
  </testcase>
  <system-out><![CDATA[ INFO [main] (CSO.java:74) - ---------------Begin Test case: Validate CSO--------------
ERROR [main] (CSO.java:124) - Test Validate CSO failed. Error: -Failed to connect to binary FirefoxBinary(C:\Program Files (x86)\Mozilla Firefox\firefox.exe) on port 7055; process output follows: 
org.xpi","e":true,"v":"1.3.2","st":1466734942000},"websensehelper@mozilla.org":{"d":"C:\\Program Files (x86)\\Mozilla Firefox\\browser\\features\\websensehelper@mozilla.org.xpi","e":true,"v":"1.0","st":1501263294187}},"app-global":{"{972ce4c6-7e08-4474-a285-3208198ce6fd}":{"d":"C:\\Program Files (x86)\\Mozilla Firefox\\browser\\extensions\\{972ce4c6-7e08-4474-a285-3208198ce6fd}.xpi","e":true,"v":"47.0.2","st":1501263294156}}}
1501869347188	addons.xpi	DEBUG	No changes found
1501869347198	addons.xpi	DEBUG	Registering manifest for C:\Program Files (x86)\Mozilla Firefox\browser\features\e10srollout@mozilla.org.xpi
1501869347200	addons.xpi	DEBUG	Loading bootstrap scope from C:\Program Files (x86)\Mozilla Firefox\browser\features\e10srollout@mozilla.org.xpi
1501869347222	addons.xpi	DEBUG	Calling bootstrap method startup on e10srollout@mozilla.org version 1.0
1501869347222	addons.xpi	DEBUG	Registering manifest for C:\Program Files (x86)\Mozilla Firefox\browser\features\firefox@getpocket.com.xpi
1501869347223	addons.xpi	DEBUG	Loading bootstrap scope from C:\Program Files (x86)\Mozilla Firefox\browser\features\firefox@getpocket.com.xpi
1501869347231	addons.xpi	DEBUG	Calling bootstrap method startup on firefox@getpocket.com version 1.0.2
1501869347241	addons.xpi-utils	DEBUG	Starting async load of XPI database C:\Users\trantt\AppData\Local\Temp\2\anonymous1244416298139676482webdriver-profile\extensions.json
1501869347244	addons.xpi	DEBUG	Registering manifest for C:\Program Files (x86)\Mozilla Firefox\browser\features\loop@mozilla.org.xpi
1501869347251	addons.xpi	DEBUG	Loading bootstrap scope from C:\Program Files (x86)\Mozilla Firefox\browser\features\loop@mozilla.org.xpi
1501869347258	addons.xpi	DEBUG	Calling bootstrap method startup on loop@mozilla.org version 1.3.2
1501869347286	addons.xpi	DEBUG	Registering manifest for C:\Program Files (x86)\Mozilla Firefox\browser\features\websensehelper@mozilla.org.xpi
1501869347287	addons.xpi	DEBUG	Loading bootstrap scope from C:\Program Files (x86)\Mozilla Firefox\browser\features\websensehelper@mozilla.org.xpi
1501869347290	addons.xpi	DEBUG	Calling bootstrap method startup on websensehelper@mozilla.org version 1.0
1501869347295	addons.manager	DEBUG	Registering shutdown blocker for XPIProvider
1501869347295	addons.manager	DEBUG	Provider finished startup: XPIProvider
1501869347295	addons.manager	DEBUG	Starting provider: LightweightThemeManager
1501869347295	addons.manager	DEBUG	Registering shutdown blocker for LightweightThemeManager
1501869347296	addons.manager	DEBUG	Provider finished startup: LightweightThemeManager
1501869347298	addons.manager	DEBUG	Starting provider: GMPProvider
1501869347308	addons.manager	DEBUG	Registering shutdown blocker for GMPProvider
1501869347309	addons.manager	DEBUG	Provider finished startup: GMPProvider
1501869347309	addons.manager	DEBUG	Starting provider: PluginProvider
1501869347309	addons.manager	DEBUG	Registering shutdown blocker for PluginProvider
1501869347310	addons.manager	DEBUG	Provider finished startup: PluginProvider
1501869347310	addons.manager	DEBUG	Completed startup sequence
1501869347719	addons.xpi-utils	DEBUG	Async JSON file read took 0 MS
1501869347719	addons.xpi-utils	DEBUG	Finished async read of XPI database, parsing...
1501869347722	addons.xpi-utils	DEBUG	Successfully read XPI database
1501869347738	addons.manager	DEBUG	Starting provider: <unnamed-provider>
1501869347738	addons.manager	DEBUG	Registering shutdown blocker for <unnamed-provider>
1501869347738	addons.manager	DEBUG	Provider finished startup: <unnamed-provider>
*** Blocklist::_loadBlocklistFromFile: blocklist is disabled
1501869348101	addons.manager	DEBUG	Starting provider: PreviousExperimentProvider
1501869348101	addons.manager	DEBUG	Registering shutdown blocker for PreviousExperimentProvider
1501869348101	addons.manager	DEBUG	Provider finished startup: PreviousExperimentProvider
JavaScript error: https://normandy-cloudfront.cdn.mozilla.net/static/bundles/selfrepair.afb53ff18f093e84a458.js, line 6: SyntaxError: missing = in const declaration

Build info: version: '2.43.1', revision: '5163bceef1bc36d43f3dc0b83c88998168a363a0', time: '2014-09-10 09:43:55'
System info: host: 'ncias-q1615-v', ip: '10.133.224.105', os.name: 'Windows Server 2008 R2', os.arch: 'amd64', os.version: '6.1', java.version: '1.7.0_67'
Driver info: driver.version: FirefoxDriver
 INFO [main] (CSO.java:125) - ---------------End of Test Validate CSO--------------------------------------
]]></system-out>
  <system-err><![CDATA[org.openqa.selenium.firefox.NotConnectedException: Unable to connect to host 127.0.0.1 on port 7055 after 45000 ms. Firefox console output:
org.xpi","e":true,"v":"1.3.2","st":1466734942000},"websensehelper@mozilla.org":{"d":"C:\\Program Files (x86)\\Mozilla Firefox\\browser\\features\\websensehelper@mozilla.org.xpi","e":true,"v":"1.0","st":1501263294187}},"app-global":{"{972ce4c6-7e08-4474-a285-3208198ce6fd}":{"d":"C:\\Program Files (x86)\\Mozilla Firefox\\browser\\extensions\\{972ce4c6-7e08-4474-a285-3208198ce6fd}.xpi","e":true,"v":"47.0.2","st":1501263294156}}}
1501869347188	addons.xpi	DEBUG	No changes found
1501869347198	addons.xpi	DEBUG	Registering manifest for C:\Program Files (x86)\Mozilla Firefox\browser\features\e10srollout@mozilla.org.xpi
1501869347200	addons.xpi	DEBUG	Loading bootstrap scope from C:\Program Files (x86)\Mozilla Firefox\browser\features\e10srollout@mozilla.org.xpi
1501869347222	addons.xpi	DEBUG	Calling bootstrap method startup on e10srollout@mozilla.org version 1.0
1501869347222	addons.xpi	DEBUG	Registering manifest for C:\Program Files (x86)\Mozilla Firefox\browser\features\firefox@getpocket.com.xpi
1501869347223	addons.xpi	DEBUG	Loading bootstrap scope from C:\Program Files (x86)\Mozilla Firefox\browser\features\firefox@getpocket.com.xpi
1501869347231	addons.xpi	DEBUG	Calling bootstrap method startup on firefox@getpocket.com version 1.0.2
1501869347241	addons.xpi-utils	DEBUG	Starting async load of XPI database C:\Users\trantt\AppData\Local\Temp\2\anonymous1244416298139676482webdriver-profile\extensions.json
1501869347244	addons.xpi	DEBUG	Registering manifest for C:\Program Files (x86)\Mozilla Firefox\browser\features\loop@mozilla.org.xpi
1501869347251	addons.xpi	DEBUG	Loading bootstrap scope from C:\Program Files (x86)\Mozilla Firefox\browser\features\loop@mozilla.org.xpi
1501869347258	addons.xpi	DEBUG	Calling bootstrap method startup on loop@mozilla.org version 1.3.2
1501869347286	addons.xpi	DEBUG	Registering manifest for C:\Program Files (x86)\Mozilla Firefox\browser\features\websensehelper@mozilla.org.xpi
1501869347287	addons.xpi	DEBUG	Loading bootstrap scope from C:\Program Files (x86)\Mozilla Firefox\browser\features\websensehelper@mozilla.org.xpi
1501869347290	addons.xpi	DEBUG	Calling bootstrap method startup on websensehelper@mozilla.org version 1.0
1501869347295	addons.manager	DEBUG	Registering shutdown blocker for XPIProvider
1501869347295	addons.manager	DEBUG	Provider finished startup: XPIProvider
1501869347295	addons.manager	DEBUG	Starting provider: LightweightThemeManager
1501869347295	addons.manager	DEBUG	Registering shutdown blocker for LightweightThemeManager
1501869347296	addons.manager	DEBUG	Provider finished startup: LightweightThemeManager
1501869347298	addons.manager	DEBUG	Starting provider: GMPProvider
1501869347308	addons.manager	DEBUG	Registering shutdown blocker for GMPProvider
1501869347309	addons.manager	DEBUG	Provider finished startup: GMPProvider
1501869347309	addons.manager	DEBUG	Starting provider: PluginProvider
1501869347309	addons.manager	DEBUG	Registering shutdown blocker for PluginProvider
1501869347310	addons.manager	DEBUG	Provider finished startup: PluginProvider
1501869347310	addons.manager	DEBUG	Completed startup sequence
1501869347719	addons.xpi-utils	DEBUG	Async JSON file read took 0 MS
1501869347719	addons.xpi-utils	DEBUG	Finished async read of XPI database, parsing...
1501869347722	addons.xpi-utils	DEBUG	Successfully read XPI database
1501869347738	addons.manager	DEBUG	Starting provider: <unnamed-provider>
1501869347738	addons.manager	DEBUG	Registering shutdown blocker for <unnamed-provider>
1501869347738	addons.manager	DEBUG	Provider finished startup: <unnamed-provider>
*** Blocklist::_loadBlocklistFromFile: blocklist is disabled
1501869348101	addons.manager	DEBUG	Starting provider: PreviousExperimentProvider
1501869348101	addons.manager	DEBUG	Registering shutdown blocker for PreviousExperimentProvider
1501869348101	addons.manager	DEBUG	Provider finished startup: PreviousExperimentProvider
JavaScript error: https://normandy-cloudfront.cdn.mozilla.net/static/bundles/selfrepair.afb53ff18f093e84a458.js, line 6: SyntaxError: missing = in const declaration

	at org.openqa.selenium.firefox.internal.NewProfileExtensionConnection.start(NewProfileExtensionConnection.java:118)
	at org.openqa.selenium.firefox.FirefoxDriver.startClient(FirefoxDriver.java:246)
	at org.openqa.selenium.remote.RemoteWebDriver.<init>(RemoteWebDriver.java:114)
	at org.openqa.selenium.firefox.FirefoxDriver.<init>(FirefoxDriver.java:191)
	at org.openqa.selenium.firefox.FirefoxDriver.<init>(FirefoxDriver.java:186)
	at org.openqa.selenium.firefox.FirefoxDriver.<init>(FirefoxDriver.java:182)
	at org.openqa.selenium.firefox.FirefoxDriver.<init>(FirefoxDriver.java:95)
	at gov.nih.nci.HelperMethods.BaseTestMethods.setupBeforeSuite(BaseTestMethods.java:89)
	at gov.nih.nci.CSO.ICRP_Validate_CSO(CSO.java:75)
	at sun.reflect.NativeMethodAccessorImpl.invoke0(Native Method)
	at sun.reflect.NativeMethodAccessorImpl.invoke(NativeMethodAccessorImpl.java:57)
	at sun.reflect.DelegatingMethodAccessorImpl.invoke(DelegatingMethodAccessorImpl.java:43)
	at java.lang.reflect.Method.invoke(Method.java:606)
	at org.junit.runners.model.FrameworkMethod$1.runReflectiveCall(FrameworkMethod.java:47)
	at org.junit.internal.runners.model.ReflectiveCallable.run(ReflectiveCallable.java:12)
	at org.junit.runners.model.FrameworkMethod.invokeExplosively(FrameworkMethod.java:44)
	at org.junit.internal.runners.statements.InvokeMethod.evaluate(InvokeMethod.java:17)
	at org.junit.internal.runners.statements.RunAfters.evaluate(RunAfters.java:27)
	at org.junit.runners.ParentRunner.runLeaf(ParentRunner.java:271)
	at org.junit.runners.BlockJUnit4ClassRunner.runChild(BlockJUnit4ClassRunner.java:70)
	at org.junit.runners.BlockJUnit4ClassRunner.runChild(BlockJUnit4ClassRunner.java:50)
	at org.junit.runners.ParentRunner$3.run(ParentRunner.java:238)
	at org.junit.runners.ParentRunner$1.schedule(ParentRunner.java:63)
	at org.junit.runners.ParentRunner.runChildren(ParentRunner.java:236)
	at org.junit.runners.ParentRunner.access$000(ParentRunner.java:53)
	at org.junit.runners.ParentRunner$2.evaluate(ParentRunner.java:229)
	at org.junit.runners.ParentRunner.run(ParentRunner.java:309)
	at junit.framework.JUnit4TestAdapter.run(JUnit4TestAdapter.java:38)
	at org.apache.tools.ant.taskdefs.optional.junit.JUnitTestRunner.run(JUnitTestRunner.java:520)
	at org.apache.tools.ant.taskdefs.optional.junit.JUnitTestRunner.launch(JUnitTestRunner.java:1060)
	at org.apache.tools.ant.taskdefs.optional.junit.JUnitTestRunner.main(JUnitTestRunner.java:911)
]]></system-err>
</testsuite>
