<?xml version="1.0" encoding="UTF-8"?>
<!-- Generated by org.testng.reporters.JUnitXMLReporter -->
<testsuite hostname="ncias-q1615-v" name="TestAddPartner" tests="1" failures="1" timestamp="31 Jan 2018 21:18:14 GMT" time="32.401" errors="0">
  <testcase name="ICRP_Admin_Tools_Add_Partner" time="32.353" classname="gov.nih.nci.TestAddPartner">
    <failure type="java.lang.AssertionError" message="Verification of login page failed">
      <![CDATA[java.lang.AssertionError: Verification of login page failed
	at org.junit.Assert.fail(Assert.java:88)
	at gov.nih.nci.HelperMethods.BaseMethods.verifyLogin(BaseMethods.java:1703)
	at gov.nih.nci.TestAddPartner.ICRP_Admin_Tools_Add_Partner(TestAddPartner.java:93)
	at java.util.concurrent.FutureTask.run(FutureTask.java:262)
	at java.util.concurrent.ThreadPoolExecutor.runWorker(ThreadPoolExecutor.java:1145)
	at java.util.concurrent.ThreadPoolExecutor$Worker.run(ThreadPoolExecutor.java:615)
	at java.lang.Thread.run(Thread.java:745)
... Removed 16 stack frames]]>
    </failure>
  </testcase> <!-- ICRP_Admin_Tools_Add_Partner -->
</testsuite> <!-- TestAddPartner -->
