<?xml version="1.0" encoding="UTF-8"?>
<!-- Generated by org.testng.reporters.JUnitXMLReporter -->
<testsuite hostname="ncias-q1615-v" name="TestPartnerApplication" tests="2" failures="2" timestamp="31 Jan 2018 21:11:01 GMT" time="61.091" errors="0">
  <testcase name="ICRP_Submit_Partner_Application_All_Fields" time="24.263" classname="gov.nih.nci.TestPartnerApplication">
    <failure type="java.lang.AssertionError" message="Verification of Link failed">
      <![CDATA[java.lang.AssertionError: Verification of Link failed
	at org.junit.Assert.fail(Assert.java:88)
	at gov.nih.nci.HelperMethods.BaseMethods.clickLink(BaseMethods.java:253)
	at gov.nih.nci.TestPartnerApplication.ICRP_Submit_Partner_Application_All_Fields(TestPartnerApplication.java:91)
	at java.util.concurrent.FutureTask.run(FutureTask.java:262)
	at java.util.concurrent.ThreadPoolExecutor.runWorker(ThreadPoolExecutor.java:1145)
	at java.util.concurrent.ThreadPoolExecutor$Worker.run(ThreadPoolExecutor.java:615)
	at java.lang.Thread.run(Thread.java:745)
... Removed 16 stack frames]]>
    </failure>
  </testcase> <!-- ICRP_Submit_Partner_Application_All_Fields -->
  <testcase name="ICRP_Submit_Partner_Application_Only_Required_Fields" time="36.816" classname="gov.nih.nci.TestPartnerApplication">
    <failure type="java.lang.AssertionError" message="Search result verifications failed. System unable to display : &amp;apos;ICRP Partnership Application Form&amp;apos; search results">
      <![CDATA[java.lang.AssertionError: Search result verifications failed. System unable to display : 'ICRP Partnership Application Form' search results
	at org.junit.Assert.fail(Assert.java:88)
	at gov.nih.nci.HelperMethods.BaseMethods.expected_vs_actual_verification(BaseMethods.java:1685)
	at gov.nih.nci.TestPartnerApplication.ICRP_Submit_Partner_Application_Only_Required_Fields(TestPartnerApplication.java:211)
	at java.util.concurrent.FutureTask.run(FutureTask.java:262)
	at java.util.concurrent.ThreadPoolExecutor.runWorker(ThreadPoolExecutor.java:1145)
	at java.util.concurrent.ThreadPoolExecutor$Worker.run(ThreadPoolExecutor.java:615)
	at java.lang.Thread.run(Thread.java:745)
... Removed 16 stack frames]]>
    </failure>
  </testcase> <!-- ICRP_Submit_Partner_Application_Only_Required_Fields -->
</testsuite> <!-- TestPartnerApplication -->
