<?xml version="1.0" encoding="UTF-8"?>
<!-- Generated by org.testng.reporters.JUnitXMLReporter -->
<testsuite hostname="ncias-q1615-v" name="TestForumPostReply" tests="3" failures="3" timestamp="31 Jan 2018 21:04:19 GMT" time="71.318" errors="0">
  <testcase name="ICRP_Forum_Post_A_Reply_To_A_Thread" time="22.185" classname="gov.nih.nci.TestForumPostReply">
    <failure type="java.lang.AssertionError" message="Verification of login page failed">
      <![CDATA[java.lang.AssertionError: Verification of login page failed
	at org.junit.Assert.fail(Assert.java:88)
	at gov.nih.nci.HelperMethods.BaseMethods.verifyLogin(BaseMethods.java:1703)
	at gov.nih.nci.TestForumPostReply.ICRP_Forum_Post_A_Reply_To_A_Thread(TestForumPostReply.java:90)
	at java.util.concurrent.FutureTask.run(FutureTask.java:262)
	at java.util.concurrent.ThreadPoolExecutor.runWorker(ThreadPoolExecutor.java:1145)
	at java.util.concurrent.ThreadPoolExecutor$Worker.run(ThreadPoolExecutor.java:615)
	at java.lang.Thread.run(Thread.java:745)
... Removed 16 stack frames]]>
    </failure>
  </testcase> <!-- ICRP_Forum_Post_A_Reply_To_A_Thread -->
  <testcase name="ICRP_Forum_Post_A_Reply_With_An_Image" time="26.227" classname="gov.nih.nci.TestForumPostReply">
    <failure type="java.lang.AssertionError" message="Verification of login page failed">
      <![CDATA[java.lang.AssertionError: Verification of login page failed
	at org.junit.Assert.fail(Assert.java:88)
	at gov.nih.nci.HelperMethods.BaseMethods.verifyLogin(BaseMethods.java:1703)
	at gov.nih.nci.TestForumPostReply.ICRP_Forum_Post_A_Reply_With_An_Image(TestForumPostReply.java:186)
	at java.util.concurrent.FutureTask.run(FutureTask.java:262)
	at java.util.concurrent.ThreadPoolExecutor.runWorker(ThreadPoolExecutor.java:1145)
	at java.util.concurrent.ThreadPoolExecutor$Worker.run(ThreadPoolExecutor.java:615)
	at java.lang.Thread.run(Thread.java:745)
... Removed 16 stack frames]]>
    </failure>
  </testcase> <!-- ICRP_Forum_Post_A_Reply_With_An_Image -->
  <testcase name="ICRP_Forum_Post_A_Reply_With_Links" time="22.893" classname="gov.nih.nci.TestForumPostReply">
    <failure type="java.lang.AssertionError" message="Verification of login page failed">
      <![CDATA[java.lang.AssertionError: Verification of login page failed
	at org.junit.Assert.fail(Assert.java:88)
	at gov.nih.nci.HelperMethods.BaseMethods.verifyLogin(BaseMethods.java:1703)
	at gov.nih.nci.TestForumPostReply.ICRP_Forum_Post_A_Reply_With_Links(TestForumPostReply.java:300)
	at java.util.concurrent.FutureTask.run(FutureTask.java:262)
	at java.util.concurrent.ThreadPoolExecutor.runWorker(ThreadPoolExecutor.java:1145)
	at java.util.concurrent.ThreadPoolExecutor$Worker.run(ThreadPoolExecutor.java:615)
	at java.lang.Thread.run(Thread.java:745)
... Removed 16 stack frames]]>
    </failure>
  </testcase> <!-- ICRP_Forum_Post_A_Reply_With_Links -->
</testsuite> <!-- TestForumPostReply -->
