<?xml version="1.0" encoding="UTF-8"?>
<!-- Generated by org.testng.reporters.JUnitXMLReporter -->
<testsuite hostname="ncias-q1615-v" name="TestUserApplication" tests="4" failures="4" timestamp="31 Jan 2018 21:05:34 GMT" time="168.371" errors="0">
  <testcase name="ICRP_User_Application_Submit_And_Active_For_Manager" time="34.24" classname="gov.nih.nci.TestUserApplication">
    <failure type="java.lang.AssertionError" message="Search result verifications failed. System unable to display : &amp;apos;User Registration&amp;apos; search results">
      <![CDATA[java.lang.AssertionError: Search result verifications failed. System unable to display : 'User Registration' search results
	at org.junit.Assert.fail(Assert.java:88)
	at gov.nih.nci.HelperMethods.BaseMethods.expected_vs_actual_verification(BaseMethods.java:1685)
	at gov.nih.nci.TestUserApplication.ICRP_User_Application_Submit_And_Active_For_Manager(TestUserApplication.java:106)
	at java.util.concurrent.FutureTask.run(FutureTask.java:262)
	at java.util.concurrent.ThreadPoolExecutor.runWorker(ThreadPoolExecutor.java:1145)
	at java.util.concurrent.ThreadPoolExecutor$Worker.run(ThreadPoolExecutor.java:615)
	at java.lang.Thread.run(Thread.java:745)
... Removed 16 stack frames]]>
    </failure>
  </testcase> <!-- ICRP_User_Application_Submit_And_Active_For_Manager -->
  <testcase name="ICRP_User_Application_Submit_And_Active_For_Manager_and_Partner_Roles" time="63.246" classname="gov.nih.nci.TestUserApplication">
    <failure type="java.lang.AssertionError" message="Verification of login page failed">
      <![CDATA[java.lang.AssertionError: Verification of login page failed
	at org.junit.Assert.fail(Assert.java:88)
	at gov.nih.nci.HelperMethods.BaseMethods.verifyLogin(BaseMethods.java:1703)
	at gov.nih.nci.TestUserApplication.ICRP_User_Application_Submit_And_Active_For_Manager_and_Partner_Roles(TestUserApplication.java:278)
	at java.util.concurrent.FutureTask.run(FutureTask.java:262)
	at java.util.concurrent.ThreadPoolExecutor.runWorker(ThreadPoolExecutor.java:1145)
	at java.util.concurrent.ThreadPoolExecutor$Worker.run(ThreadPoolExecutor.java:615)
	at java.lang.Thread.run(Thread.java:745)
... Removed 16 stack frames]]>
    </failure>
  </testcase> <!-- ICRP_User_Application_Submit_And_Active_For_Manager_and_Partner_Roles -->
  <testcase name="ICRP_User_Application_Submit_And_Active_For_Partner_Role" time="53.561" classname="gov.nih.nci.TestUserApplication">
    <failure type="java.lang.AssertionError" message="Verification of login page failed">
      <![CDATA[java.lang.AssertionError: Verification of login page failed
	at org.junit.Assert.fail(Assert.java:88)
	at gov.nih.nci.HelperMethods.BaseMethods.verifyLogin(BaseMethods.java:1703)
	at gov.nih.nci.TestUserApplication.ICRP_User_Application_Submit_And_Active_For_Partner_Role(TestUserApplication.java:431)
	at java.util.concurrent.FutureTask.run(FutureTask.java:262)
	at java.util.concurrent.ThreadPoolExecutor.runWorker(ThreadPoolExecutor.java:1145)
	at java.util.concurrent.ThreadPoolExecutor$Worker.run(ThreadPoolExecutor.java:615)
	at java.lang.Thread.run(Thread.java:745)
... Removed 16 stack frames]]>
    </failure>
  </testcase> <!-- ICRP_User_Application_Submit_And_Active_For_Partner_Role -->
  <testcase name="ICRP_User_Application_Submit_And_Blocked_For_Partner_Role" time="17.301" classname="gov.nih.nci.TestUserApplication">
    <failure type="java.lang.AssertionError" message="ERROR: Error Launching the Web site">
      <![CDATA[java.lang.AssertionError: ERROR: Error Launching the Web site
	at org.junit.Assert.fail(Assert.java:88)
	at gov.nih.nci.HelperMethods.BaseMethods.launchSite(BaseMethods.java:90)
	at gov.nih.nci.TestUserApplication.ICRP_User_Application_Submit_And_Blocked_For_Partner_Role(TestUserApplication.java:545)
	at java.util.concurrent.FutureTask.run(FutureTask.java:262)
	at java.util.concurrent.ThreadPoolExecutor.runWorker(ThreadPoolExecutor.java:1145)
	at java.util.concurrent.ThreadPoolExecutor$Worker.run(ThreadPoolExecutor.java:615)
	at java.lang.Thread.run(Thread.java:745)
... Removed 16 stack frames]]>
    </failure>
  </testcase> <!-- ICRP_User_Application_Submit_And_Blocked_For_Partner_Role -->
</testsuite> <!-- TestUserApplication -->
