<?xml version="1.0" encoding="UTF-8"?>
<!-- Generated by org.testng.reporters.JUnitXMLReporter -->
<testsuite hostname="ncias-q1615-v" name="TestSearchDatabase" tests="2" failures="2" timestamp="31 Jan 2018 21:11:44 GMT" time="55.589" errors="0">
  <testcase name="ICRP_Search_Database_Partner" time="28.345" classname="gov.nih.nci.TestSearchDatabase">
    <failure type="java.lang.AssertionError" message="ERROR: Error Launching the Web site">
      <![CDATA[java.lang.AssertionError: ERROR: Error Launching the Web site
	at org.junit.Assert.fail(Assert.java:88)
	at gov.nih.nci.HelperMethods.BaseMethods.launchSite(BaseMethods.java:90)
	at gov.nih.nci.TestSearchDatabase.ICRP_Search_Database_Partner(TestSearchDatabase.java:80)
	at java.util.concurrent.FutureTask.run(FutureTask.java:262)
	at java.util.concurrent.ThreadPoolExecutor.runWorker(ThreadPoolExecutor.java:1145)
	at java.util.concurrent.ThreadPoolExecutor$Worker.run(ThreadPoolExecutor.java:615)
	at java.lang.Thread.run(Thread.java:745)
... Removed 16 stack frames]]>
    </failure>
  </testcase> <!-- ICRP_Search_Database_Partner -->
  <testcase name="ICRP_Search_Public_Database" time="27.235" classname="gov.nih.nci.TestSearchDatabase">
    <failure type="java.lang.AssertionError" message="Verification of Link failed">
      <![CDATA[java.lang.AssertionError: Verification of Link failed
	at org.junit.Assert.fail(Assert.java:88)
	at gov.nih.nci.HelperMethods.BaseMethods.clickLink(BaseMethods.java:253)
	at gov.nih.nci.TestSearchDatabase.ICRP_Search_Public_Database(TestSearchDatabase.java:179)
	at java.util.concurrent.FutureTask.run(FutureTask.java:262)
	at java.util.concurrent.ThreadPoolExecutor.runWorker(ThreadPoolExecutor.java:1145)
	at java.util.concurrent.ThreadPoolExecutor$Worker.run(ThreadPoolExecutor.java:615)
	at java.lang.Thread.run(Thread.java:745)
... Removed 16 stack frames]]>
    </failure>
  </testcase> <!-- ICRP_Search_Public_Database -->
</testsuite> <!-- TestSearchDatabase -->
