<?xml version="1.0" encoding="UTF-8"?>
<!-- Generated by org.testng.reporters.JUnitXMLReporter -->
<testsuite hostname="ncias-q1615-v" name="TestForumAddThread" tests="4" failures="4" timestamp="31 Jan 2018 21:03:58 GMT" time="177.46" errors="0">
  <testcase name="ICRP_Forum_Add_A_New_Open_Thread_With_All_Fields" time="53.156" classname="gov.nih.nci.TestForumAddThread">
    <failure type="java.lang.NullPointerException">
      <![CDATA[java.lang.NullPointerException
	at gov.nih.nci.HelperMethods.pdfGenerator.saveImageFiles(pdfGenerator.java:302)
	at gov.nih.nci.HelperMethods.BaseTestMethods.setupAfterSuite(BaseTestMethods.java:155)
	at gov.nih.nci.TestForumAddThread.ICRP_Forum_Add_A_New_Open_Thread_With_All_Fields(TestForumAddThread.java:173)
	at java.util.concurrent.FutureTask.run(FutureTask.java:262)
	at java.util.concurrent.ThreadPoolExecutor.runWorker(ThreadPoolExecutor.java:1145)
	at java.util.concurrent.ThreadPoolExecutor$Worker.run(ThreadPoolExecutor.java:615)
	at java.lang.Thread.run(Thread.java:745)
... Removed 16 stack frames]]>
    </failure>
  </testcase> <!-- ICRP_Forum_Add_A_New_Open_Thread_With_All_Fields -->
  <testcase name="ICRP_Forum_Add_A_New_Open_Thread_With_Only_Required_Fields" time="34.258" classname="gov.nih.nci.TestForumAddThread">
    <failure type="java.lang.AssertionError" message="Search result verifications failed. System unable to display : &amp;apos;ICRP Partnership Forum&amp;apos; search results">
      <![CDATA[java.lang.AssertionError: Search result verifications failed. System unable to display : 'ICRP Partnership Forum' search results
	at org.junit.Assert.fail(Assert.java:88)
	at gov.nih.nci.HelperMethods.BaseMethods.expected_vs_actual_verification(BaseMethods.java:1685)
	at gov.nih.nci.TestForumAddThread.ICRP_Forum_Add_A_New_Open_Thread_With_Only_Required_Fields(TestForumAddThread.java:197)
	at java.util.concurrent.FutureTask.run(FutureTask.java:262)
	at java.util.concurrent.ThreadPoolExecutor.runWorker(ThreadPoolExecutor.java:1145)
	at java.util.concurrent.ThreadPoolExecutor$Worker.run(ThreadPoolExecutor.java:615)
	at java.lang.Thread.run(Thread.java:745)
... Removed 16 stack frames]]>
    </failure>
  </testcase> <!-- ICRP_Forum_Add_A_New_Open_Thread_With_Only_Required_Fields -->
  <testcase name="ICRP_Forum_Add_A_New_Thread_With_An_Image" time="48.829" classname="gov.nih.nci.TestForumAddThread">
    <failure type="java.lang.AssertionError" message="Search result verifications failed. System unable to display : &amp;apos;Partner News and Announcements&amp;apos; search results">
      <![CDATA[java.lang.AssertionError: Search result verifications failed. System unable to display : 'Partner News and Announcements' search results
	at org.junit.Assert.fail(Assert.java:88)
	at gov.nih.nci.HelperMethods.BaseMethods.expected_vs_actual_verification(BaseMethods.java:1685)
	at gov.nih.nci.TestForumAddThread.ICRP_Forum_Add_A_New_Thread_With_An_Image(TestForumAddThread.java:301)
	at java.util.concurrent.FutureTask.run(FutureTask.java:262)
	at java.util.concurrent.ThreadPoolExecutor.runWorker(ThreadPoolExecutor.java:1145)
	at java.util.concurrent.ThreadPoolExecutor$Worker.run(ThreadPoolExecutor.java:615)
	at java.lang.Thread.run(Thread.java:745)
... Removed 16 stack frames]]>
    </failure>
  </testcase> <!-- ICRP_Forum_Add_A_New_Thread_With_An_Image -->
  <testcase name="ICRP_Forum_Add_A_New_Thread_With_Links" time="41.138" classname="gov.nih.nci.TestForumAddThread">
    <failure type="java.lang.AssertionError" message="Search result verifications failed. System unable to display : &amp;apos;Partner News and Announcements&amp;apos; search results">
      <![CDATA[java.lang.AssertionError: Search result verifications failed. System unable to display : 'Partner News and Announcements' search results
	at org.junit.Assert.fail(Assert.java:88)
	at gov.nih.nci.HelperMethods.BaseMethods.expected_vs_actual_verification(BaseMethods.java:1685)
	at gov.nih.nci.TestForumAddThread.ICRP_Forum_Add_A_New_Thread_With_Links(TestForumAddThread.java:417)
	at java.util.concurrent.FutureTask.run(FutureTask.java:262)
	at java.util.concurrent.ThreadPoolExecutor.runWorker(ThreadPoolExecutor.java:1145)
	at java.util.concurrent.ThreadPoolExecutor$Worker.run(ThreadPoolExecutor.java:615)
	at java.lang.Thread.run(Thread.java:745)
... Removed 16 stack frames]]>
    </failure>
  </testcase> <!-- ICRP_Forum_Add_A_New_Thread_With_Links -->
</testsuite> <!-- TestForumAddThread -->
