<?xml version="1.0" encoding="UTF-8"?>
<!-- Generated by org.testng.reporters.JUnitXMLReporter -->
<testsuite hostname="ncias-q1615-v" name="TestNavigation" tests="3" failures="3" timestamp="31 Jan 2018 21:10:48 GMT" time="87.523" errors="0">
  <testcase name="ICRP_Manager_Menu_Navigation" time="31.462" classname="gov.nih.nci.TestNavigation">
    <failure type="java.lang.AssertionError" message="Verification of Link failed">
      <![CDATA[java.lang.AssertionError: Verification of Link failed
	at org.junit.Assert.fail(Assert.java:88)
	at gov.nih.nci.HelperMethods.BaseMethods.clickLink(BaseMethods.java:253)
	at gov.nih.nci.TestNavigation.ICRP_Manager_Menu_Navigation(TestNavigation.java:179)
	at java.util.concurrent.FutureTask.run(FutureTask.java:262)
	at java.util.concurrent.ThreadPoolExecutor.runWorker(ThreadPoolExecutor.java:1145)
	at java.util.concurrent.ThreadPoolExecutor$Worker.run(ThreadPoolExecutor.java:615)
	at java.lang.Thread.run(Thread.java:745)
... Removed 16 stack frames]]>
    </failure>
  </testcase> <!-- ICRP_Manager_Menu_Navigation -->
  <testcase name="ICRP_Manager_Welcome_ICRP_Partner_Navigation" time="30.079" classname="gov.nih.nci.TestNavigation">
    <failure type="java.lang.AssertionError" message="Verification of Link failed">
      <![CDATA[java.lang.AssertionError: Verification of Link failed
	at org.junit.Assert.fail(Assert.java:88)
	at gov.nih.nci.HelperMethods.BaseMethods.clickLink(BaseMethods.java:253)
	at gov.nih.nci.TestNavigation.ICRP_Manager_Welcome_ICRP_Partner_Navigation(TestNavigation.java:302)
	at java.util.concurrent.FutureTask.run(FutureTask.java:262)
	at java.util.concurrent.ThreadPoolExecutor.runWorker(ThreadPoolExecutor.java:1145)
	at java.util.concurrent.ThreadPoolExecutor$Worker.run(ThreadPoolExecutor.java:615)
	at java.lang.Thread.run(Thread.java:745)
... Removed 16 stack frames]]>
    </failure>
  </testcase> <!-- ICRP_Manager_Welcome_ICRP_Partner_Navigation -->
  <testcase name="ICRP_Public_Menu_Navigation" time="25.932" classname="gov.nih.nci.TestNavigation">
    <failure type="java.lang.AssertionError" message="Search result verifications failed. System unable to display : &amp;apos;About the Partners&amp;apos; search results">
      <![CDATA[java.lang.AssertionError: Search result verifications failed. System unable to display : 'About the Partners' search results
	at org.junit.Assert.fail(Assert.java:88)
	at gov.nih.nci.HelperMethods.BaseMethods.expected_vs_actual_verification(BaseMethods.java:1685)
	at gov.nih.nci.TestNavigation.ICRP_Public_Menu_Navigation(TestNavigation.java:83)
	at java.util.concurrent.FutureTask.run(FutureTask.java:262)
	at java.util.concurrent.ThreadPoolExecutor.runWorker(ThreadPoolExecutor.java:1145)
	at java.util.concurrent.ThreadPoolExecutor$Worker.run(ThreadPoolExecutor.java:615)
	at java.lang.Thread.run(Thread.java:745)
... Removed 16 stack frames]]>
    </failure>
  </testcase> <!-- ICRP_Public_Menu_Navigation -->
</testsuite> <!-- TestNavigation -->
